This file contains any messages produced by compilers while
running configure, to aid debugging if configure makes a mistake.

It was created by libwallycore configure 0.7.7, which was
generated by GNU Autoconf 2.69.  Invocation command line was

  $ ./configure --disable-shared --host=aarch64-apple-darwin14 --enable-static

## --------- ##
## Platform. ##
## --------- ##

hostname = DIRECT-8A-HP-OfficeJet-4650.local
uname -m = x86_64
uname -r = 19.4.0
uname -s = Darwin
uname -v = Darwin Kernel Version 19.4.0: Wed Feb 19 21:31:06 PST 2020; root:xnu-6153.101.4~3/RELEASE_X86_64

/usr/bin/uname -p = i386
/bin/uname -X     = unknown

/bin/arch              = unknown
/usr/bin/arch -k       = unknown
/usr/convex/getsysinfo = unknown
/usr/bin/hostinfo      = Mach kernel version:
	 Darwin Kernel Version 19.4.0: Wed Feb 19 21:31:06 PST 2020; root:xnu-6153.101.4~3/RELEASE_X86_64
Kernel configured for up to 4 processors.
2 processors are physically available.
4 processors are logically available.
Processor type: x86_64h (Intel x86-64h Haswell)
Processors active: 0 1 2 3
Primary memory available: 8.00 gigabytes
Default processor set: 422 tasks, 1755 threads, 4 processors
Load average: 2.71, Mach factor: 1.39
/bin/machine           = unknown
/usr/bin/oslevel       = unknown
/bin/universe          = unknown

PATH: /Applications/Xcode.app/Contents/Developer/usr/bin
PATH: /usr/local/bin
PATH: /usr/local/bin
PATH: /usr/bin
PATH: /bin
PATH: /usr/sbin
PATH: /sbin
PATH: /usr/local/bin/bitcoin-cli
PATH: /usr/local/Cellar/autoconf
PATH: /usr/local/Cellar/libtool
PATH: /usr/local/Cellar/automake
PATH: /usr/local/Cellar/getext
PATH: /usr/local/bin/autoconf
PATH: /usr/local/bin/libtool
PATH: /usr/local/bin/automake
PATH: /usr/local/bin/getext
PATH: /Applications/VMware Fusion.app/Contents/Public
PATH: /usr/local/go/bin
PATH: /usr/local/MacGPG2/bin
PATH: /usr/local/share/dotnet
PATH: /opt/X11/bin
PATH: ~/.dotnet/tools
PATH: /Library/Apple/usr/bin
PATH: /Library/Frameworks/Mono.framework/Versions/Current/Commands
PATH: /Users/peter/go/bin


## ----------- ##
## Core tests. ##
## ----------- ##

configure:2442: checking build system type
configure:2456: result: x86_64-apple-darwin19.4.0
configure:2476: checking host system type
configure:2489: result: aarch64-apple-darwin14
configure:2549: checking for a BSD-compatible install
configure:2617: result: /usr/bin/install -c
configure:2628: checking whether build environment is sane
configure:2683: result: yes
configure:2742: checking for aarch64-apple-darwin14-strip
configure:2772: result: no
configure:2782: checking for strip
configure:2798: found /usr/bin/strip
configure:2809: result: strip
configure:2834: checking for a thread-safe mkdir -p
configure:2873: result: tools/build-aux/install-sh -c -d
configure:2880: checking for gawk
configure:2910: result: no
configure:2880: checking for mawk
configure:2910: result: no
configure:2880: checking for nawk
configure:2910: result: no
configure:2880: checking for awk
configure:2896: found /usr/bin/awk
configure:2907: result: awk
configure:2918: checking whether make sets $(MAKE)
configure:2940: result: yes
configure:2969: checking whether make supports nested variables
configure:2986: result: yes
configure:3158: checking how to print strings
configure:3185: result: printf
configure:3210: checking whether make supports the include directive
configure:3225: make -f confmf.GNU && cat confinc.out
this is the am__doit target
configure:3228: $? = 0
configure:3247: result: yes (GNU style)
configure:3277: checking for aarch64-apple-darwin14-gcc
configure:3304: result: /Applications/Xcode.app/Contents/Developer/Toolchains/XcodeDefault.xctoolchain/usr/bin/clang
configure:3573: checking for C compiler version
configure:3582: /Applications/Xcode.app/Contents/Developer/Toolchains/XcodeDefault.xctoolchain/usr/bin/clang --version >&5
Apple clang version 11.0.3 (clang-1103.0.32.59)
Target: x86_64-apple-darwin19.4.0
Thread model: posix
InstalledDir: /Applications/Xcode.app/Contents/Developer/Toolchains/XcodeDefault.xctoolchain/usr/bin
configure:3593: $? = 0
configure:3582: /Applications/Xcode.app/Contents/Developer/Toolchains/XcodeDefault.xctoolchain/usr/bin/clang -v >&5
Apple clang version 11.0.3 (clang-1103.0.32.59)
Target: x86_64-apple-darwin19.4.0
Thread model: posix
InstalledDir: /Applications/Xcode.app/Contents/Developer/Toolchains/XcodeDefault.xctoolchain/usr/bin
configure:3593: $? = 0
configure:3582: /Applications/Xcode.app/Contents/Developer/Toolchains/XcodeDefault.xctoolchain/usr/bin/clang -V >&5
clang: error: unsupported option '-V -Wno-objc-signed-char-bool-implicit-int-conversion'
clang: error: no input files
configure:3593: $? = 1
configure:3582: /Applications/Xcode.app/Contents/Developer/Toolchains/XcodeDefault.xctoolchain/usr/bin/clang -qversion >&5
clang: error: unknown argument '-qversion'; did you mean '--version'?
clang: error: no input files
configure:3593: $? = 1
configure:3613: checking whether the C compiler works
configure:3635: /Applications/Xcode.app/Contents/Developer/Toolchains/XcodeDefault.xctoolchain/usr/bin/clang -O3 -arch arm64 -arch arm64e -arch armv7 -arch armv7s -fembed-bitcode -mios-version-min=10.0 -isysroot /Applications/Xcode.app/Contents/Developer/Platforms/iPhoneOS.platform/Developer/SDKs/iPhoneOS13.4.sdk   conftest.c  >&5
configure:3639: $? = 0
configure:3687: result: yes
configure:3690: checking for C compiler default output file name
configure:3692: result: a.out
configure:3698: checking for suffix of executables
configure:3705: /Applications/Xcode.app/Contents/Developer/Toolchains/XcodeDefault.xctoolchain/usr/bin/clang -o conftest -O3 -arch arm64 -arch arm64e -arch armv7 -arch armv7s -fembed-bitcode -mios-version-min=10.0 -isysroot /Applications/Xcode.app/Contents/Developer/Platforms/iPhoneOS.platform/Developer/SDKs/iPhoneOS13.4.sdk   conftest.c  >&5
configure:3709: $? = 0
configure:3731: result: 
configure:3753: checking whether we are cross compiling
configure:3761: /Applications/Xcode.app/Contents/Developer/Toolchains/XcodeDefault.xctoolchain/usr/bin/clang -o conftest -O3 -arch arm64 -arch arm64e -arch armv7 -arch armv7s -fembed-bitcode -mios-version-min=10.0 -isysroot /Applications/Xcode.app/Contents/Developer/Platforms/iPhoneOS.platform/Developer/SDKs/iPhoneOS13.4.sdk   conftest.c  >&5
configure:3765: $? = 0
configure:3772: ./conftest
./configure: line 3774: ./conftest: Bad CPU type in executable
configure:3776: $? = 126
configure:3791: result: yes
configure:3796: checking for suffix of object files
configure:3818: /Applications/Xcode.app/Contents/Developer/Toolchains/XcodeDefault.xctoolchain/usr/bin/clang -c -O3 -arch arm64 -arch arm64e -arch armv7 -arch armv7s -fembed-bitcode -mios-version-min=10.0 -isysroot /Applications/Xcode.app/Contents/Developer/Platforms/iPhoneOS.platform/Developer/SDKs/iPhoneOS13.4.sdk  conftest.c >&5
configure:3822: $? = 0
configure:3843: result: o
configure:3847: checking whether we are using the GNU C compiler
configure:3866: /Applications/Xcode.app/Contents/Developer/Toolchains/XcodeDefault.xctoolchain/usr/bin/clang -c -O3 -arch arm64 -arch arm64e -arch armv7 -arch armv7s -fembed-bitcode -mios-version-min=10.0 -isysroot /Applications/Xcode.app/Contents/Developer/Platforms/iPhoneOS.platform/Developer/SDKs/iPhoneOS13.4.sdk  conftest.c >&5
configure:3866: $? = 0
configure:3875: result: yes
configure:3884: checking whether /Applications/Xcode.app/Contents/Developer/Toolchains/XcodeDefault.xctoolchain/usr/bin/clang accepts -g
configure:3904: /Applications/Xcode.app/Contents/Developer/Toolchains/XcodeDefault.xctoolchain/usr/bin/clang -c -g  conftest.c >&5
configure:3904: $? = 0
configure:3945: result: yes
configure:3962: checking for /Applications/Xcode.app/Contents/Developer/Toolchains/XcodeDefault.xctoolchain/usr/bin/clang option to accept ISO C89
configure:4025: /Applications/Xcode.app/Contents/Developer/Toolchains/XcodeDefault.xctoolchain/usr/bin/clang  -c -O3 -arch arm64 -arch arm64e -arch armv7 -arch armv7s -fembed-bitcode -mios-version-min=10.0 -isysroot /Applications/Xcode.app/Contents/Developer/Platforms/iPhoneOS.platform/Developer/SDKs/iPhoneOS13.4.sdk  conftest.c >&5
configure:4025: $? = 0
configure:4038: result: none needed
configure:4063: checking whether /Applications/Xcode.app/Contents/Developer/Toolchains/XcodeDefault.xctoolchain/usr/bin/clang understands -c and -o together
configure:4085: /Applications/Xcode.app/Contents/Developer/Toolchains/XcodeDefault.xctoolchain/usr/bin/clang -c conftest.c -o conftest2.o
configure:4088: $? = 0
configure:4085: /Applications/Xcode.app/Contents/Developer/Toolchains/XcodeDefault.xctoolchain/usr/bin/clang -c conftest.c -o conftest2.o
configure:4088: $? = 0
configure:4100: result: yes
configure:4119: checking dependency style of /Applications/Xcode.app/Contents/Developer/Toolchains/XcodeDefault.xctoolchain/usr/bin/clang
configure:4230: result: gcc3
configure:4245: checking for a sed that does not truncate output
configure:4309: result: /usr/bin/sed
configure:4327: checking for grep that handles long lines and -e
configure:4385: result: /usr/bin/grep
configure:4390: checking for egrep
configure:4452: result: /usr/bin/grep -E
configure:4457: checking for fgrep
configure:4519: result: /usr/bin/grep -F
configure:4554: checking for ld used by /Applications/Xcode.app/Contents/Developer/Toolchains/XcodeDefault.xctoolchain/usr/bin/clang
configure:4621: result: /Applications/Xcode.app/Contents/Developer/Toolchains/XcodeDefault.xctoolchain/usr/bin/ld
configure:4628: checking if the linker (/Applications/Xcode.app/Contents/Developer/Toolchains/XcodeDefault.xctoolchain/usr/bin/ld) is GNU ld
configure:4643: result: no
configure:4655: checking for BSD- or MS-compatible name lister (nm)
configure:4709: result: no
configure:4723: checking for aarch64-apple-darwin14-dumpbin
configure:4753: result: no
configure:4723: checking for aarch64-apple-darwin14-link
configure:4753: result: no
configure:4767: checking for dumpbin
configure:4797: result: no
configure:4767: checking for link
configure:4783: found /bin/link
configure:4794: result: link -dump
configure:4810: WARNING: using cross tools not prefixed with host triplet
configure:4839: checking the name lister (nm) interface
configure:4846: /Applications/Xcode.app/Contents/Developer/Toolchains/XcodeDefault.xctoolchain/usr/bin/clang -c -O3 -arch arm64 -arch arm64e -arch armv7 -arch armv7s -fembed-bitcode -mios-version-min=10.0 -isysroot /Applications/Xcode.app/Contents/Developer/Platforms/iPhoneOS.platform/Developer/SDKs/iPhoneOS13.4.sdk  conftest.c >&5
configure:4849: nm "conftest.o"
configure:4852: output

conftest.o (for architecture armv7):
00000680 S _some_variable
000005f0 s l_llvm.cmdline
00000000 s l_llvm.embedded.module

conftest.o (for architecture armv7s):
00000680 S _some_variable
000005f0 s l_llvm.cmdline
00000000 s l_llvm.embedded.module

conftest.o (for architecture arm64):
000000000000062c S _some_variable
00000000000005a0 s l_llvm.cmdline
0000000000000000 s l_llvm.embedded.module
0000000000000000 t ltmp0
000000000000062c s ltmp1
0000000000000000 s ltmp2
00000000000005a0 s ltmp3

conftest.o (for architecture arm64e):
0000000000000680 S _some_variable
00000000000005a0 s l_llvm.cmdline
0000000000000000 s l_llvm.embedded.module
0000000000000000 t ltmp0
0000000000000680 s ltmp1
0000000000000000 s ltmp2
00000000000005a0 s ltmp3
configure:4859: result: BSD nm
configure:4862: checking whether ln -s works
configure:4866: result: yes
configure:4874: checking the maximum length of command line arguments
configure:5005: result: 196608
configure:5053: checking how to convert x86_64-apple-darwin19.4.0 file names to aarch64-apple-darwin14 format
configure:5093: result: func_convert_file_noop
configure:5100: checking how to convert x86_64-apple-darwin19.4.0 file names to toolchain format
configure:5120: result: func_convert_file_noop
configure:5127: checking for /Applications/Xcode.app/Contents/Developer/Toolchains/XcodeDefault.xctoolchain/usr/bin/ld option to reload object files
configure:5134: result: -r
configure:5168: checking for aarch64-apple-darwin14-objdump
configure:5198: result: no
configure:5208: checking for objdump
configure:5224: found /usr/bin/objdump
configure:5235: result: objdump
configure:5267: checking how to recognize dependent libraries
configure:5467: result: pass_all
configure:5512: checking for aarch64-apple-darwin14-dlltool
configure:5542: result: no
configure:5552: checking for dlltool
configure:5582: result: no
configure:5612: checking how to associate runtime and link libraries
configure:5639: result: printf %s\n
configure:5656: checking for aarch64-apple-darwin14-ar
configure:5686: result: no
configure:5700: checking for ar
configure:5716: found /usr/bin/ar
configure:5727: result: ar
configure:5764: checking for archiver @FILE support
configure:5781: /Applications/Xcode.app/Contents/Developer/Toolchains/XcodeDefault.xctoolchain/usr/bin/clang -c -O3 -arch arm64 -arch arm64e -arch armv7 -arch armv7s -fembed-bitcode -mios-version-min=10.0 -isysroot /Applications/Xcode.app/Contents/Developer/Platforms/iPhoneOS.platform/Developer/SDKs/iPhoneOS13.4.sdk  conftest.c >&5
configure:5781: $? = 0
configure:5784: ar cru libconftest.a @conftest.lst >&5
ar: @conftest.lst: No such file or directory
configure:5787: $? = 1
configure:5807: result: no
configure:5825: checking for aarch64-apple-darwin14-strip
configure:5852: result: strip
configure:5924: checking for aarch64-apple-darwin14-ranlib
configure:5954: result: no
configure:5964: checking for ranlib
configure:5980: found /usr/bin/ranlib
configure:5991: result: ranlib
configure:6093: checking command to parse nm output from /Applications/Xcode.app/Contents/Developer/Toolchains/XcodeDefault.xctoolchain/usr/bin/clang object
configure:6246: /Applications/Xcode.app/Contents/Developer/Toolchains/XcodeDefault.xctoolchain/usr/bin/clang -c -O3 -arch arm64 -arch arm64e -arch armv7 -arch armv7s -fembed-bitcode -mios-version-min=10.0 -isysroot /Applications/Xcode.app/Contents/Developer/Platforms/iPhoneOS.platform/Developer/SDKs/iPhoneOS13.4.sdk  conftest.c >&5
configure:6249: $? = 0
configure:6253: nm conftest.o \| sed -n -e 's/^.*[ ]\([BCDEGRST][BCDEGRST]*\)[ ][ ]*\([_A-Za-z][_A-Za-z0-9]*\)$/\1 \2 \2/p' | sed '/ __gnu_lto/d' \> conftest.nm
configure:6256: $? = 0
cannot find nm_test_var in conftest.nm
configure:6246: /Applications/Xcode.app/Contents/Developer/Toolchains/XcodeDefault.xctoolchain/usr/bin/clang -c -O3 -arch arm64 -arch arm64e -arch armv7 -arch armv7s -fembed-bitcode -mios-version-min=10.0 -isysroot /Applications/Xcode.app/Contents/Developer/Platforms/iPhoneOS.platform/Developer/SDKs/iPhoneOS13.4.sdk  conftest.c >&5
configure:6249: $? = 0
configure:6253: nm conftest.o \| sed -n -e 's/^.*[ ]\([BCDEGRST][BCDEGRST]*\)[ ][ ]*_\([_A-Za-z][_A-Za-z0-9]*\)$/\1 _\2 \2/p' | sed '/ __gnu_lto/d' \> conftest.nm
configure:6256: $? = 0
configure:6322: /Applications/Xcode.app/Contents/Developer/Toolchains/XcodeDefault.xctoolchain/usr/bin/clang -o conftest -O3 -arch arm64 -arch arm64e -arch armv7 -arch armv7s -fembed-bitcode -mios-version-min=10.0 -isysroot /Applications/Xcode.app/Contents/Developer/Platforms/iPhoneOS.platform/Developer/SDKs/iPhoneOS13.4.sdk   conftest.c conftstm.o >&5
configure:6325: $? = 0
configure:6363: result: ok
configure:6410: checking for sysroot
configure:6440: result: no
configure:6447: checking for a working dd
configure:6485: result: /bin/dd
configure:6489: checking how to truncate binary pipes
configure:6504: result: /bin/dd bs=4096 count=1
configure:6793: checking for aarch64-apple-darwin14-mt
configure:6823: result: no
configure:6833: checking for mt
configure:6863: result: no
configure:6883: checking if : is a manifest tool
configure:6889: : '-?'
configure:6897: result: no
configure:6913: checking for aarch64-apple-darwin14-dsymutil
configure:6943: result: no
configure:6953: checking for dsymutil
configure:6969: found /usr/bin/dsymutil
configure:6980: result: dsymutil
configure:7005: checking for aarch64-apple-darwin14-nmedit
configure:7035: result: no
configure:7045: checking for nmedit
configure:7061: found /usr/bin/nmedit
configure:7072: result: nmedit
configure:7097: checking for aarch64-apple-darwin14-lipo
configure:7127: result: no
configure:7137: checking for lipo
configure:7153: found /usr/bin/lipo
configure:7164: result: lipo
configure:7189: checking for aarch64-apple-darwin14-otool
configure:7219: result: no
configure:7229: checking for otool
configure:7245: found /usr/bin/otool
configure:7256: result: otool
configure:7281: checking for aarch64-apple-darwin14-otool64
configure:7311: result: no
configure:7321: checking for otool64
configure:7351: result: no
configure:7396: checking for -single_module linker flag
/Applications/Xcode.app/Contents/Developer/Toolchains/XcodeDefault.xctoolchain/usr/bin/clang -O3 -arch arm64 -arch arm64e -arch armv7 -arch armv7s -fembed-bitcode -mios-version-min=10.0 -isysroot /Applications/Xcode.app/Contents/Developer/Platforms/iPhoneOS.platform/Developer/SDKs/iPhoneOS13.4.sdk  -o libconftest.dylib -dynamiclib -Wl,-single_module conftest.c
configure:7429: result: yes
configure:7432: checking for -exported_symbols_list linker flag
configure:7452: /Applications/Xcode.app/Contents/Developer/Toolchains/XcodeDefault.xctoolchain/usr/bin/clang -o conftest -O3 -arch arm64 -arch arm64e -arch armv7 -arch armv7s -fembed-bitcode -mios-version-min=10.0 -isysroot /Applications/Xcode.app/Contents/Developer/Platforms/iPhoneOS.platform/Developer/SDKs/iPhoneOS13.4.sdk   -Wl,-exported_symbols_list,conftest.sym conftest.c  >&5
configure:7452: $? = 0
configure:7462: result: yes
configure:7465: checking for -force_load linker flag
/Applications/Xcode.app/Contents/Developer/Toolchains/XcodeDefault.xctoolchain/usr/bin/clang -O3 -arch arm64 -arch arm64e -arch armv7 -arch armv7s -fembed-bitcode -mios-version-min=10.0 -isysroot /Applications/Xcode.app/Contents/Developer/Platforms/iPhoneOS.platform/Developer/SDKs/iPhoneOS13.4.sdk -c -o conftest.o conftest.c
ar cru libconftest.a conftest.o
ranlib libconftest.a
/Applications/Xcode.app/Contents/Developer/Toolchains/XcodeDefault.xctoolchain/usr/bin/clang -O3 -arch arm64 -arch arm64e -arch armv7 -arch armv7s -fembed-bitcode -mios-version-min=10.0 -isysroot /Applications/Xcode.app/Contents/Developer/Platforms/iPhoneOS.platform/Developer/SDKs/iPhoneOS13.4.sdk  -o conftest conftest.c -Wl,-force_load,./libconftest.a
configure:7497: result: yes
configure:7574: checking how to run the C preprocessor
configure:7605: /Applications/Xcode.app/Contents/Developer/Toolchains/XcodeDefault.xctoolchain/usr/bin/clang -E  conftest.c
configure:7605: $? = 0
configure:7619: /Applications/Xcode.app/Contents/Developer/Toolchains/XcodeDefault.xctoolchain/usr/bin/clang -E  conftest.c
conftest.c:11:10: fatal error: 'ac_nonexistent.h' file not found
#include <ac_nonexistent.h>
         ^~~~~~~~~~~~~~~~~~
1 error generated.
configure:7619: $? = 1
configure: failed program was:
| /* confdefs.h */
| #define PACKAGE_NAME "libwallycore"
| #define PACKAGE_TARNAME "libwallycore"
| #define PACKAGE_VERSION "0.7.7"
| #define PACKAGE_STRING "libwallycore 0.7.7"
| #define PACKAGE_BUGREPORT ""
| #define PACKAGE_URL ""
| #define PACKAGE "libwallycore"
| #define VERSION "0.7.7"
| /* end confdefs.h.  */
| #include <ac_nonexistent.h>
configure:7644: result: /Applications/Xcode.app/Contents/Developer/Toolchains/XcodeDefault.xctoolchain/usr/bin/clang -E
configure:7664: /Applications/Xcode.app/Contents/Developer/Toolchains/XcodeDefault.xctoolchain/usr/bin/clang -E  conftest.c
configure:7664: $? = 0
configure:7678: /Applications/Xcode.app/Contents/Developer/Toolchains/XcodeDefault.xctoolchain/usr/bin/clang -E  conftest.c
conftest.c:11:10: fatal error: 'ac_nonexistent.h' file not found
#include <ac_nonexistent.h>
         ^~~~~~~~~~~~~~~~~~
1 error generated.
configure:7678: $? = 1
configure: failed program was:
| /* confdefs.h */
| #define PACKAGE_NAME "libwallycore"
| #define PACKAGE_TARNAME "libwallycore"
| #define PACKAGE_VERSION "0.7.7"
| #define PACKAGE_STRING "libwallycore 0.7.7"
| #define PACKAGE_BUGREPORT ""
| #define PACKAGE_URL ""
| #define PACKAGE "libwallycore"
| #define VERSION "0.7.7"
| /* end confdefs.h.  */
| #include <ac_nonexistent.h>
configure:7707: checking for ANSI C header files
configure:7727: /Applications/Xcode.app/Contents/Developer/Toolchains/XcodeDefault.xctoolchain/usr/bin/clang -c -O3 -arch arm64 -arch arm64e -arch armv7 -arch armv7s -fembed-bitcode -mios-version-min=10.0 -isysroot /Applications/Xcode.app/Contents/Developer/Platforms/iPhoneOS.platform/Developer/SDKs/iPhoneOS13.4.sdk  conftest.c >&5
configure:7727: $? = 0
conftest.c:11:10: fatal error: 'string.h' file not found
#include <string.h>
         ^~~~~~~~~~
1 error generated.
configure:7811: result: no
configure:7824: checking for sys/types.h
configure:7824: /Applications/Xcode.app/Contents/Developer/Toolchains/XcodeDefault.xctoolchain/usr/bin/clang -c -O3 -arch arm64 -arch arm64e -arch armv7 -arch armv7s -fembed-bitcode -mios-version-min=10.0 -isysroot /Applications/Xcode.app/Contents/Developer/Platforms/iPhoneOS.platform/Developer/SDKs/iPhoneOS13.4.sdk  conftest.c >&5
configure:7824: $? = 0
configure:7824: result: yes
configure:7824: checking for sys/stat.h
configure:7824: /Applications/Xcode.app/Contents/Developer/Toolchains/XcodeDefault.xctoolchain/usr/bin/clang -c -O3 -arch arm64 -arch arm64e -arch armv7 -arch armv7s -fembed-bitcode -mios-version-min=10.0 -isysroot /Applications/Xcode.app/Contents/Developer/Platforms/iPhoneOS.platform/Developer/SDKs/iPhoneOS13.4.sdk  conftest.c >&5
configure:7824: $? = 0
configure:7824: result: yes
configure:7824: checking for stdlib.h
configure:7824: /Applications/Xcode.app/Contents/Developer/Toolchains/XcodeDefault.xctoolchain/usr/bin/clang -c -O3 -arch arm64 -arch arm64e -arch armv7 -arch armv7s -fembed-bitcode -mios-version-min=10.0 -isysroot /Applications/Xcode.app/Contents/Developer/Platforms/iPhoneOS.platform/Developer/SDKs/iPhoneOS13.4.sdk  conftest.c >&5
configure:7824: $? = 0
configure:7824: result: yes
configure:7824: checking for string.h
configure:7824: /Applications/Xcode.app/Contents/Developer/Toolchains/XcodeDefault.xctoolchain/usr/bin/clang -c -O3 -arch arm64 -arch arm64e -arch armv7 -arch armv7s -fembed-bitcode -mios-version-min=10.0 -isysroot /Applications/Xcode.app/Contents/Developer/Platforms/iPhoneOS.platform/Developer/SDKs/iPhoneOS13.4.sdk  conftest.c >&5
configure:7824: $? = 0
configure:7824: result: yes
configure:7824: checking for memory.h
configure:7824: /Applications/Xcode.app/Contents/Developer/Toolchains/XcodeDefault.xctoolchain/usr/bin/clang -c -O3 -arch arm64 -arch arm64e -arch armv7 -arch armv7s -fembed-bitcode -mios-version-min=10.0 -isysroot /Applications/Xcode.app/Contents/Developer/Platforms/iPhoneOS.platform/Developer/SDKs/iPhoneOS13.4.sdk  conftest.c >&5
configure:7824: $? = 0
configure:7824: result: yes
configure:7824: checking for strings.h
configure:7824: /Applications/Xcode.app/Contents/Developer/Toolchains/XcodeDefault.xctoolchain/usr/bin/clang -c -O3 -arch arm64 -arch arm64e -arch armv7 -arch armv7s -fembed-bitcode -mios-version-min=10.0 -isysroot /Applications/Xcode.app/Contents/Developer/Platforms/iPhoneOS.platform/Developer/SDKs/iPhoneOS13.4.sdk  conftest.c >&5
configure:7824: $? = 0
configure:7824: result: yes
configure:7824: checking for inttypes.h
configure:7824: /Applications/Xcode.app/Contents/Developer/Toolchains/XcodeDefault.xctoolchain/usr/bin/clang -c -O3 -arch arm64 -arch arm64e -arch armv7 -arch armv7s -fembed-bitcode -mios-version-min=10.0 -isysroot /Applications/Xcode.app/Contents/Developer/Platforms/iPhoneOS.platform/Developer/SDKs/iPhoneOS13.4.sdk  conftest.c >&5
configure:7824: $? = 0
configure:7824: result: yes
configure:7824: checking for stdint.h
configure:7824: /Applications/Xcode.app/Contents/Developer/Toolchains/XcodeDefault.xctoolchain/usr/bin/clang -c -O3 -arch arm64 -arch arm64e -arch armv7 -arch armv7s -fembed-bitcode -mios-version-min=10.0 -isysroot /Applications/Xcode.app/Contents/Developer/Platforms/iPhoneOS.platform/Developer/SDKs/iPhoneOS13.4.sdk  conftest.c >&5
configure:7824: $? = 0
configure:7824: result: yes
configure:7824: checking for unistd.h
configure:7824: /Applications/Xcode.app/Contents/Developer/Toolchains/XcodeDefault.xctoolchain/usr/bin/clang -c -O3 -arch arm64 -arch arm64e -arch armv7 -arch armv7s -fembed-bitcode -mios-version-min=10.0 -isysroot /Applications/Xcode.app/Contents/Developer/Platforms/iPhoneOS.platform/Developer/SDKs/iPhoneOS13.4.sdk  conftest.c >&5
configure:7824: $? = 0
configure:7824: result: yes
configure:7838: checking for dlfcn.h
configure:7838: /Applications/Xcode.app/Contents/Developer/Toolchains/XcodeDefault.xctoolchain/usr/bin/clang -c -O3 -arch arm64 -arch arm64e -arch armv7 -arch armv7s -fembed-bitcode -mios-version-min=10.0 -isysroot /Applications/Xcode.app/Contents/Developer/Platforms/iPhoneOS.platform/Developer/SDKs/iPhoneOS13.4.sdk  conftest.c >&5
configure:7838: $? = 0
configure:7838: result: yes
configure:8093: checking for objdir
configure:8108: result: .libs
configure:8372: checking if /Applications/Xcode.app/Contents/Developer/Toolchains/XcodeDefault.xctoolchain/usr/bin/clang supports -fno-rtti -fno-exceptions
configure:8390: /Applications/Xcode.app/Contents/Developer/Toolchains/XcodeDefault.xctoolchain/usr/bin/clang -c -O3 -arch arm64 -arch arm64e -arch armv7 -arch armv7s -fembed-bitcode -mios-version-min=10.0 -isysroot /Applications/Xcode.app/Contents/Developer/Platforms/iPhoneOS.platform/Developer/SDKs/iPhoneOS13.4.sdk  -fno-rtti -fno-exceptions conftest.c >&5
configure:8394: $? = 0
configure:8407: result: yes
configure:8765: checking for /Applications/Xcode.app/Contents/Developer/Toolchains/XcodeDefault.xctoolchain/usr/bin/clang option to produce PIC
configure:8772: result: -fno-common -DPIC
configure:8780: checking if /Applications/Xcode.app/Contents/Developer/Toolchains/XcodeDefault.xctoolchain/usr/bin/clang PIC flag -fno-common -DPIC works
configure:8798: /Applications/Xcode.app/Contents/Developer/Toolchains/XcodeDefault.xctoolchain/usr/bin/clang -c -O3 -arch arm64 -arch arm64e -arch armv7 -arch armv7s -fembed-bitcode -mios-version-min=10.0 -isysroot /Applications/Xcode.app/Contents/Developer/Platforms/iPhoneOS.platform/Developer/SDKs/iPhoneOS13.4.sdk  -fno-common -DPIC -DPIC conftest.c >&5
configure:8802: $? = 0
configure:8815: result: yes
configure:8844: checking if /Applications/Xcode.app/Contents/Developer/Toolchains/XcodeDefault.xctoolchain/usr/bin/clang static flag -static works
configure:8872: result: no
configure:8887: checking if /Applications/Xcode.app/Contents/Developer/Toolchains/XcodeDefault.xctoolchain/usr/bin/clang supports -c -o file.o
configure:8908: /Applications/Xcode.app/Contents/Developer/Toolchains/XcodeDefault.xctoolchain/usr/bin/clang -c -O3 -arch arm64 -arch arm64e -arch armv7 -arch armv7s -fembed-bitcode -mios-version-min=10.0 -isysroot /Applications/Xcode.app/Contents/Developer/Platforms/iPhoneOS.platform/Developer/SDKs/iPhoneOS13.4.sdk  -o out/conftest2.o conftest.c >&5
configure:8912: $? = 0
configure:8934: result: yes
configure:8942: checking if /Applications/Xcode.app/Contents/Developer/Toolchains/XcodeDefault.xctoolchain/usr/bin/clang supports -c -o file.o
configure:8989: result: yes
configure:9022: checking whether the /Applications/Xcode.app/Contents/Developer/Toolchains/XcodeDefault.xctoolchain/usr/bin/clang linker (/Applications/Xcode.app/Contents/Developer/Toolchains/XcodeDefault.xctoolchain/usr/bin/ld) supports shared libraries
configure:10281: result: yes
configure:10521: checking dynamic linker characteristics
configure:11339: result: darwin14 dyld
configure:11461: checking how to hardcode library paths into programs
configure:11486: result: immediate
configure:12034: checking whether stripping libraries is possible
configure:12048: result: yes
configure:12074: checking if libtool supports shared libraries
configure:12076: result: yes
configure:12079: checking whether to build shared libraries
configure:12104: result: no
configure:12107: checking whether to build static libraries
configure:12111: result: yes
configure:12160: checking whether make supports nested variables
configure:12177: result: yes
configure:12197: checking for aarch64-apple-darwin14-gcc
configure:12224: result: /Applications/Xcode.app/Contents/Developer/Toolchains/XcodeDefault.xctoolchain/usr/bin/clang
configure:12493: checking for C compiler version
configure:12502: /Applications/Xcode.app/Contents/Developer/Toolchains/XcodeDefault.xctoolchain/usr/bin/clang --version >&5
Apple clang version 11.0.3 (clang-1103.0.32.59)
Target: x86_64-apple-darwin19.4.0
Thread model: posix
InstalledDir: /Applications/Xcode.app/Contents/Developer/Toolchains/XcodeDefault.xctoolchain/usr/bin
configure:12513: $? = 0
configure:12502: /Applications/Xcode.app/Contents/Developer/Toolchains/XcodeDefault.xctoolchain/usr/bin/clang -v >&5
Apple clang version 11.0.3 (clang-1103.0.32.59)
Target: x86_64-apple-darwin19.4.0
Thread model: posix
InstalledDir: /Applications/Xcode.app/Contents/Developer/Toolchains/XcodeDefault.xctoolchain/usr/bin
configure:12513: $? = 0
configure:12502: /Applications/Xcode.app/Contents/Developer/Toolchains/XcodeDefault.xctoolchain/usr/bin/clang -V >&5
clang: error: unsupported option '-V -Wno-objc-signed-char-bool-implicit-int-conversion'
clang: error: no input files
configure:12513: $? = 1
configure:12502: /Applications/Xcode.app/Contents/Developer/Toolchains/XcodeDefault.xctoolchain/usr/bin/clang -qversion >&5
clang: error: unknown argument '-qversion'; did you mean '--version'?
clang: error: no input files
configure:12513: $? = 1
configure:12517: checking whether we are using the GNU C compiler
configure:12545: result: yes
configure:12554: checking whether /Applications/Xcode.app/Contents/Developer/Toolchains/XcodeDefault.xctoolchain/usr/bin/clang accepts -g
configure:12615: result: yes
configure:12632: checking for /Applications/Xcode.app/Contents/Developer/Toolchains/XcodeDefault.xctoolchain/usr/bin/clang option to accept ISO C89
configure:12708: result: none needed
configure:12733: checking whether /Applications/Xcode.app/Contents/Developer/Toolchains/XcodeDefault.xctoolchain/usr/bin/clang understands -c and -o together
configure:12770: result: yes
configure:12789: checking dependency style of /Applications/Xcode.app/Contents/Developer/Toolchains/XcodeDefault.xctoolchain/usr/bin/clang
configure:12900: result: gcc3
configure:13067: checking for aarch64-apple-darwin14-llvm-ranlib-version
configure:13100: result: no
configure:13110: checking for llvm-ranlib-version
configure:13143: result: no
configure:13067: checking for aarch64-apple-darwin14-llvm-ranlib
configure:13100: result: no
configure:13110: checking for llvm-ranlib
configure:13143: result: no
configure:13067: checking for aarch64-apple-darwin14-ranlib
configure:13100: result: no
configure:13110: checking for ranlib
configure:13128: found /usr/bin/ranlib
configure:13140: result: /usr/bin/ranlib
configure:13173: checking for gsed
configure:13189: found /usr/local/bin/gsed
configure:13201: result: yes
configure:13273: checking whether byte ordering is bigendian
configure:13288: /Applications/Xcode.app/Contents/Developer/Toolchains/XcodeDefault.xctoolchain/usr/bin/clang -c -O3 -arch arm64 -arch arm64e -arch armv7 -arch armv7s -fembed-bitcode -mios-version-min=10.0 -isysroot /Applications/Xcode.app/Contents/Developer/Platforms/iPhoneOS.platform/Developer/SDKs/iPhoneOS13.4.sdk  conftest.c >&5
configure:13288: $? = 0
configure:13333: /Applications/Xcode.app/Contents/Developer/Toolchains/XcodeDefault.xctoolchain/usr/bin/clang -c -O3 -arch arm64 -arch arm64e -arch armv7 -arch armv7s -fembed-bitcode -mios-version-min=10.0 -isysroot /Applications/Xcode.app/Contents/Developer/Platforms/iPhoneOS.platform/Developer/SDKs/iPhoneOS13.4.sdk  conftest.c >&5
configure:13333: $? = 0
configure:13351: /Applications/Xcode.app/Contents/Developer/Toolchains/XcodeDefault.xctoolchain/usr/bin/clang -c -O3 -arch arm64 -arch arm64e -arch armv7 -arch armv7s -fembed-bitcode -mios-version-min=10.0 -isysroot /Applications/Xcode.app/Contents/Developer/Platforms/iPhoneOS.platform/Developer/SDKs/iPhoneOS13.4.sdk  conftest.c >&5
conftest.c:29:4: error: use of undeclared identifier 'not'
                 not big endian
                 ^
1 error generated.
configure:13351: $? = 1
configure: failed program was:
| /* confdefs.h */
| #define PACKAGE_NAME "libwallycore"
| #define PACKAGE_TARNAME "libwallycore"
| #define PACKAGE_VERSION "0.7.7"
| #define PACKAGE_STRING "libwallycore 0.7.7"
| #define PACKAGE_BUGREPORT ""
| #define PACKAGE_URL ""
| #define PACKAGE "libwallycore"
| #define VERSION "0.7.7"
| #define HAVE_SYS_TYPES_H 1
| #define HAVE_SYS_STAT_H 1
| #define HAVE_STDLIB_H 1
| #define HAVE_STRING_H 1
| #define HAVE_MEMORY_H 1
| #define HAVE_STRINGS_H 1
| #define HAVE_INTTYPES_H 1
| #define HAVE_STDINT_H 1
| #define HAVE_UNISTD_H 1
| #define HAVE_DLFCN_H 1
| #define LT_OBJDIR ".libs/"
| /* end confdefs.h.  */
| #include <sys/types.h>
| 		#include <sys/param.h>
| 
| int
| main ()
| {
| #if BYTE_ORDER != BIG_ENDIAN
| 		 not big endian
| 		#endif
| 
|   ;
|   return 0;
| }
configure:13479: result: no
configure:13497: checking for inline
configure:13513: /Applications/Xcode.app/Contents/Developer/Toolchains/XcodeDefault.xctoolchain/usr/bin/clang -c -O3 -arch arm64 -arch arm64e -arch armv7 -arch armv7s -fembed-bitcode -mios-version-min=10.0 -isysroot /Applications/Xcode.app/Contents/Developer/Platforms/iPhoneOS.platform/Developer/SDKs/iPhoneOS13.4.sdk  conftest.c >&5
configure:13513: $? = 0
configure:13521: result: inline
configure:13539: checking for size_t
configure:13539: /Applications/Xcode.app/Contents/Developer/Toolchains/XcodeDefault.xctoolchain/usr/bin/clang -c -O3 -arch arm64 -arch arm64e -arch armv7 -arch armv7s -fembed-bitcode -mios-version-min=10.0 -isysroot /Applications/Xcode.app/Contents/Developer/Platforms/iPhoneOS.platform/Developer/SDKs/iPhoneOS13.4.sdk  conftest.c >&5
configure:13539: $? = 0
configure:13539: /Applications/Xcode.app/Contents/Developer/Toolchains/XcodeDefault.xctoolchain/usr/bin/clang -c -O3 -arch arm64 -arch arm64e -arch armv7 -arch armv7s -fembed-bitcode -mios-version-min=10.0 -isysroot /Applications/Xcode.app/Contents/Developer/Platforms/iPhoneOS.platform/Developer/SDKs/iPhoneOS13.4.sdk  conftest.c >&5
conftest.c:58:21: error: expected expression
if (sizeof ((size_t)))
                    ^
1 error generated.
configure:13539: $? = 1
configure: failed program was:
| /* confdefs.h */
| #define PACKAGE_NAME "libwallycore"
| #define PACKAGE_TARNAME "libwallycore"
| #define PACKAGE_VERSION "0.7.7"
| #define PACKAGE_STRING "libwallycore 0.7.7"
| #define PACKAGE_BUGREPORT ""
| #define PACKAGE_URL ""
| #define PACKAGE "libwallycore"
| #define VERSION "0.7.7"
| #define HAVE_SYS_TYPES_H 1
| #define HAVE_SYS_STAT_H 1
| #define HAVE_STDLIB_H 1
| #define HAVE_STRING_H 1
| #define HAVE_MEMORY_H 1
| #define HAVE_STRINGS_H 1
| #define HAVE_INTTYPES_H 1
| #define HAVE_STDINT_H 1
| #define HAVE_UNISTD_H 1
| #define HAVE_DLFCN_H 1
| #define LT_OBJDIR ".libs/"
| /* end confdefs.h.  */
| #include <stdio.h>
| #ifdef HAVE_SYS_TYPES_H
| # include <sys/types.h>
| #endif
| #ifdef HAVE_SYS_STAT_H
| # include <sys/stat.h>
| #endif
| #ifdef STDC_HEADERS
| # include <stdlib.h>
| # include <stddef.h>
| #else
| # ifdef HAVE_STDLIB_H
| #  include <stdlib.h>
| # endif
| #endif
| #ifdef HAVE_STRING_H
| # if !defined STDC_HEADERS && defined HAVE_MEMORY_H
| #  include <memory.h>
| # endif
| # include <string.h>
| #endif
| #ifdef HAVE_STRINGS_H
| # include <strings.h>
| #endif
| #ifdef HAVE_INTTYPES_H
| # include <inttypes.h>
| #endif
| #ifdef HAVE_STDINT_H
| # include <stdint.h>
| #endif
| #ifdef HAVE_UNISTD_H
| # include <unistd.h>
| #endif
| int
| main ()
| {
| if (sizeof ((size_t)))
| 	    return 0;
|   ;
|   return 0;
| }
configure:13539: result: yes
configure:13550: checking for uint64_t
configure:13550: /Applications/Xcode.app/Contents/Developer/Toolchains/XcodeDefault.xctoolchain/usr/bin/clang -c -O3 -arch arm64 -arch arm64e -arch armv7 -arch armv7s -fembed-bitcode -mios-version-min=10.0 -isysroot /Applications/Xcode.app/Contents/Developer/Platforms/iPhoneOS.platform/Developer/SDKs/iPhoneOS13.4.sdk  conftest.c >&5
configure:13550: $? = 0
configure:13550: result: yes
configure:13564: checking for uint32_t
configure:13564: /Applications/Xcode.app/Contents/Developer/Toolchains/XcodeDefault.xctoolchain/usr/bin/clang -c -O3 -arch arm64 -arch arm64e -arch armv7 -arch armv7s -fembed-bitcode -mios-version-min=10.0 -isysroot /Applications/Xcode.app/Contents/Developer/Platforms/iPhoneOS.platform/Developer/SDKs/iPhoneOS13.4.sdk  conftest.c >&5
configure:13564: $? = 0
configure:13564: result: yes
configure:13578: checking for uint16_t
configure:13578: /Applications/Xcode.app/Contents/Developer/Toolchains/XcodeDefault.xctoolchain/usr/bin/clang -c -O3 -arch arm64 -arch arm64e -arch armv7 -arch armv7s -fembed-bitcode -mios-version-min=10.0 -isysroot /Applications/Xcode.app/Contents/Developer/Platforms/iPhoneOS.platform/Developer/SDKs/iPhoneOS13.4.sdk  conftest.c >&5
configure:13578: $? = 0
configure:13578: result: yes
configure:13590: checking for uint8_t
configure:13590: /Applications/Xcode.app/Contents/Developer/Toolchains/XcodeDefault.xctoolchain/usr/bin/clang -c -O3 -arch arm64 -arch arm64e -arch armv7 -arch armv7s -fembed-bitcode -mios-version-min=10.0 -isysroot /Applications/Xcode.app/Contents/Developer/Platforms/iPhoneOS.platform/Developer/SDKs/iPhoneOS13.4.sdk  conftest.c >&5
configure:13590: $? = 0
configure:13590: result: yes
configure:13825: checking whether C compiler accepts -O3
configure:13844: /Applications/Xcode.app/Contents/Developer/Toolchains/XcodeDefault.xctoolchain/usr/bin/clang -c -O3 -arch arm64 -arch arm64e -arch armv7 -arch armv7s -fembed-bitcode -mios-version-min=10.0 -isysroot /Applications/Xcode.app/Contents/Developer/Platforms/iPhoneOS.platform/Developer/SDKs/iPhoneOS13.4.sdk  -O3  conftest.c >&5
configure:13844: $? = 0
configure:13852: result: yes
configure:13861: checking for _FORTIFY_SOURCE defined
configure:13883: /Applications/Xcode.app/Contents/Developer/Toolchains/XcodeDefault.xctoolchain/usr/bin/clang -c -O3 -arch arm64 -arch arm64e -arch armv7 -arch armv7s -fembed-bitcode -mios-version-min=10.0 -isysroot /Applications/Xcode.app/Contents/Developer/Platforms/iPhoneOS.platform/Developer/SDKs/iPhoneOS13.4.sdk  conftest.c >&5
conftest.c:30:3: error: use of undeclared identifier 'choke'
  choke me
  ^
1 error generated.
configure:13883: $? = 1
configure: failed program was:
| /* confdefs.h */
| #define PACKAGE_NAME "libwallycore"
| #define PACKAGE_TARNAME "libwallycore"
| #define PACKAGE_VERSION "0.7.7"
| #define PACKAGE_STRING "libwallycore 0.7.7"
| #define PACKAGE_BUGREPORT ""
| #define PACKAGE_URL ""
| #define PACKAGE "libwallycore"
| #define VERSION "0.7.7"
| #define HAVE_SYS_TYPES_H 1
| #define HAVE_SYS_STAT_H 1
| #define HAVE_STDLIB_H 1
| #define HAVE_STRING_H 1
| #define HAVE_MEMORY_H 1
| #define HAVE_STRINGS_H 1
| #define HAVE_INTTYPES_H 1
| #define HAVE_STDINT_H 1
| #define HAVE_UNISTD_H 1
| #define HAVE_DLFCN_H 1
| #define LT_OBJDIR ".libs/"
| /* end confdefs.h.  */
| 
| int
| main ()
| {
| 
|   #ifdef _FORTIFY_SOURCE
|   int ok;
|   #else
|   choke me
|   #endif
| 
|   ;
|   return 0;
| }
configure:13890: result: no
configure:13896: checking whether C compiler accepts -D_FORTIFY_SOURCE=2
configure:13915: /Applications/Xcode.app/Contents/Developer/Toolchains/XcodeDefault.xctoolchain/usr/bin/clang -c -O3 -arch arm64 -arch arm64e -arch armv7 -arch armv7s -fembed-bitcode -mios-version-min=10.0 -isysroot /Applications/Xcode.app/Contents/Developer/Platforms/iPhoneOS.platform/Developer/SDKs/iPhoneOS13.4.sdk  -D_FORTIFY_SOURCE=2  conftest.c >&5
configure:13915: $? = 0
configure:13923: result: yes
configure:13933: checking whether C compiler accepts -fstack-protector-strong
configure:13952: /Applications/Xcode.app/Contents/Developer/Toolchains/XcodeDefault.xctoolchain/usr/bin/clang -c -O3 -arch arm64 -arch arm64e -arch armv7 -arch armv7s -fembed-bitcode -mios-version-min=10.0 -isysroot /Applications/Xcode.app/Contents/Developer/Platforms/iPhoneOS.platform/Developer/SDKs/iPhoneOS13.4.sdk  -fstack-protector-strong  -D_FORTIFY_SOURCE=2 conftest.c >&5
configure:13952: $? = 0
configure:13960: result: yes
configure:13968: checking whether C compiler accepts -DNDEBUG=1
configure:13987: /Applications/Xcode.app/Contents/Developer/Toolchains/XcodeDefault.xctoolchain/usr/bin/clang -c -O3 -arch arm64 -arch arm64e -arch armv7 -arch armv7s -fembed-bitcode -mios-version-min=10.0 -isysroot /Applications/Xcode.app/Contents/Developer/Platforms/iPhoneOS.platform/Developer/SDKs/iPhoneOS13.4.sdk  -DNDEBUG=1  -D_FORTIFY_SOURCE=2 conftest.c >&5
configure:13987: $? = 0
configure:13995: result: yes
configure:14003: checking whether the linker accepts -O3
configure:14022: /Applications/Xcode.app/Contents/Developer/Toolchains/XcodeDefault.xctoolchain/usr/bin/clang -o conftest -O3 -arch arm64 -arch arm64e -arch armv7 -arch armv7s -fembed-bitcode -mios-version-min=10.0 -isysroot /Applications/Xcode.app/Contents/Developer/Platforms/iPhoneOS.platform/Developer/SDKs/iPhoneOS13.4.sdk  -D_FORTIFY_SOURCE=2   -O3 conftest.c  >&5
configure:14022: $? = 0
configure:14031: result: yes
configure:14039: checking whether the linker accepts -Wl,-z,relro
configure:14058: /Applications/Xcode.app/Contents/Developer/Toolchains/XcodeDefault.xctoolchain/usr/bin/clang -o conftest -O3 -arch arm64 -arch arm64e -arch armv7 -arch armv7s -fembed-bitcode -mios-version-min=10.0 -isysroot /Applications/Xcode.app/Contents/Developer/Platforms/iPhoneOS.platform/Developer/SDKs/iPhoneOS13.4.sdk  -D_FORTIFY_SOURCE=2  -O3  -Wl,-z,relro conftest.c  >&5
ld: unknown option: -z
clang: error: linker command failed with exit code 1 (use -v to see invocation)
configure:14058: $? = 1
configure: failed program was:
| /* confdefs.h */
| #define PACKAGE_NAME "libwallycore"
| #define PACKAGE_TARNAME "libwallycore"
| #define PACKAGE_VERSION "0.7.7"
| #define PACKAGE_STRING "libwallycore 0.7.7"
| #define PACKAGE_BUGREPORT ""
| #define PACKAGE_URL ""
| #define PACKAGE "libwallycore"
| #define VERSION "0.7.7"
| #define HAVE_SYS_TYPES_H 1
| #define HAVE_SYS_STAT_H 1
| #define HAVE_STDLIB_H 1
| #define HAVE_STRING_H 1
| #define HAVE_MEMORY_H 1
| #define HAVE_STRINGS_H 1
| #define HAVE_INTTYPES_H 1
| #define HAVE_STDINT_H 1
| #define HAVE_UNISTD_H 1
| #define HAVE_DLFCN_H 1
| #define LT_OBJDIR ".libs/"
| /* end confdefs.h.  */
| 
| int
| main ()
| {
| 
|   ;
|   return 0;
| }
configure:14067: result: no
configure:14154: checking whether C compiler accepts -flax-vector-conversions
configure:14173: /Applications/Xcode.app/Contents/Developer/Toolchains/XcodeDefault.xctoolchain/usr/bin/clang -c -O3 -arch arm64 -arch arm64e -arch armv7 -arch armv7s -fembed-bitcode -mios-version-min=10.0 -isysroot /Applications/Xcode.app/Contents/Developer/Platforms/iPhoneOS.platform/Developer/SDKs/iPhoneOS13.4.sdk  -flax-vector-conversions  -D_FORTIFY_SOURCE=2 conftest.c >&5
configure:14173: $? = 0
configure:14181: result: yes
configure:14189: checking whether C compiler accepts -fno-strict-aliasing
configure:14208: /Applications/Xcode.app/Contents/Developer/Toolchains/XcodeDefault.xctoolchain/usr/bin/clang -c -O3 -arch arm64 -arch arm64e -arch armv7 -arch armv7s -fembed-bitcode -mios-version-min=10.0 -isysroot /Applications/Xcode.app/Contents/Developer/Platforms/iPhoneOS.platform/Developer/SDKs/iPhoneOS13.4.sdk  -fno-strict-aliasing  -D_FORTIFY_SOURCE=2 conftest.c >&5
configure:14208: $? = 0
configure:14216: result: yes
configure:14225: checking whether C compiler accepts -Wformat-nonliteral
configure:14244: /Applications/Xcode.app/Contents/Developer/Toolchains/XcodeDefault.xctoolchain/usr/bin/clang -c -O3 -arch arm64 -arch arm64e -arch armv7 -arch armv7s -fembed-bitcode -mios-version-min=10.0 -isysroot /Applications/Xcode.app/Contents/Developer/Platforms/iPhoneOS.platform/Developer/SDKs/iPhoneOS13.4.sdk  -Wformat-nonliteral  -D_FORTIFY_SOURCE=2 conftest.c >&5
configure:14244: $? = 0
configure:14252: result: yes
configure:14260: checking whether C compiler accepts -Wformat-security
configure:14279: /Applications/Xcode.app/Contents/Developer/Toolchains/XcodeDefault.xctoolchain/usr/bin/clang -c -O3 -arch arm64 -arch arm64e -arch armv7 -arch armv7s -fembed-bitcode -mios-version-min=10.0 -isysroot /Applications/Xcode.app/Contents/Developer/Platforms/iPhoneOS.platform/Developer/SDKs/iPhoneOS13.4.sdk  -Wformat-security  -D_FORTIFY_SOURCE=2 conftest.c >&5
configure:14279: $? = 0
configure:14287: result: yes
configure:14295: checking whether C compiler accepts -Wformat
configure:14314: /Applications/Xcode.app/Contents/Developer/Toolchains/XcodeDefault.xctoolchain/usr/bin/clang -c -O3 -arch arm64 -arch arm64e -arch armv7 -arch armv7s -fembed-bitcode -mios-version-min=10.0 -isysroot /Applications/Xcode.app/Contents/Developer/Platforms/iPhoneOS.platform/Developer/SDKs/iPhoneOS13.4.sdk  -Wformat  -D_FORTIFY_SOURCE=2 conftest.c >&5
configure:14314: $? = 0
configure:14322: result: yes
configure:14330: checking whether C compiler accepts -Wstrict-prototypes
configure:14349: /Applications/Xcode.app/Contents/Developer/Toolchains/XcodeDefault.xctoolchain/usr/bin/clang -c -O3 -arch arm64 -arch arm64e -arch armv7 -arch armv7s -fembed-bitcode -mios-version-min=10.0 -isysroot /Applications/Xcode.app/Contents/Developer/Platforms/iPhoneOS.platform/Developer/SDKs/iPhoneOS13.4.sdk  -Wstrict-prototypes  -D_FORTIFY_SOURCE=2 conftest.c >&5
configure:14349: $? = 0
configure:14357: result: yes
configure:14365: checking whether C compiler accepts -Wshadow
configure:14384: /Applications/Xcode.app/Contents/Developer/Toolchains/XcodeDefault.xctoolchain/usr/bin/clang -c -O3 -arch arm64 -arch arm64e -arch armv7 -arch armv7s -fembed-bitcode -mios-version-min=10.0 -isysroot /Applications/Xcode.app/Contents/Developer/Platforms/iPhoneOS.platform/Developer/SDKs/iPhoneOS13.4.sdk  -Wshadow  -D_FORTIFY_SOURCE=2 conftest.c >&5
configure:14384: $? = 0
configure:14392: result: yes
configure:14400: checking whether C compiler accepts -Wnested-externs
configure:14419: /Applications/Xcode.app/Contents/Developer/Toolchains/XcodeDefault.xctoolchain/usr/bin/clang -c -O3 -arch arm64 -arch arm64e -arch armv7 -arch armv7s -fembed-bitcode -mios-version-min=10.0 -isysroot /Applications/Xcode.app/Contents/Developer/Platforms/iPhoneOS.platform/Developer/SDKs/iPhoneOS13.4.sdk  -Wnested-externs  -D_FORTIFY_SOURCE=2 conftest.c >&5
configure:14419: $? = 0
configure:14427: result: yes
configure:14435: checking whether C compiler accepts -Wcast-align
configure:14454: /Applications/Xcode.app/Contents/Developer/Toolchains/XcodeDefault.xctoolchain/usr/bin/clang -c -O3 -arch arm64 -arch arm64e -arch armv7 -arch armv7s -fembed-bitcode -mios-version-min=10.0 -isysroot /Applications/Xcode.app/Contents/Developer/Platforms/iPhoneOS.platform/Developer/SDKs/iPhoneOS13.4.sdk  -Wcast-align  -D_FORTIFY_SOURCE=2 conftest.c >&5
configure:14454: $? = 0
configure:14462: result: yes
configure:14470: checking whether C compiler accepts -Wpedantic
configure:14489: /Applications/Xcode.app/Contents/Developer/Toolchains/XcodeDefault.xctoolchain/usr/bin/clang -c -O3 -arch arm64 -arch arm64e -arch armv7 -arch armv7s -fembed-bitcode -mios-version-min=10.0 -isysroot /Applications/Xcode.app/Contents/Developer/Platforms/iPhoneOS.platform/Developer/SDKs/iPhoneOS13.4.sdk  -Wpedantic  -D_FORTIFY_SOURCE=2 conftest.c >&5
configure:14489: $? = 0
configure:14497: result: yes
configure:14505: checking whether C compiler accepts -Wextra
configure:14524: /Applications/Xcode.app/Contents/Developer/Toolchains/XcodeDefault.xctoolchain/usr/bin/clang -c -O3 -arch arm64 -arch arm64e -arch armv7 -arch armv7s -fembed-bitcode -mios-version-min=10.0 -isysroot /Applications/Xcode.app/Contents/Developer/Platforms/iPhoneOS.platform/Developer/SDKs/iPhoneOS13.4.sdk  -Wextra  -D_FORTIFY_SOURCE=2 conftest.c >&5
configure:14524: $? = 0
configure:14532: result: yes
configure:14540: checking whether C compiler accepts -Wall
configure:14559: /Applications/Xcode.app/Contents/Developer/Toolchains/XcodeDefault.xctoolchain/usr/bin/clang -c -O3 -arch arm64 -arch arm64e -arch armv7 -arch armv7s -fembed-bitcode -mios-version-min=10.0 -isysroot /Applications/Xcode.app/Contents/Developer/Platforms/iPhoneOS.platform/Developer/SDKs/iPhoneOS13.4.sdk  -Wall  -D_FORTIFY_SOURCE=2 conftest.c >&5
configure:14559: $? = 0
configure:14567: result: yes
configure:14577: checking whether C compiler accepts -Wno-unused-function
configure:14596: /Applications/Xcode.app/Contents/Developer/Toolchains/XcodeDefault.xctoolchain/usr/bin/clang -c -O3 -arch arm64 -arch arm64e -arch armv7 -arch armv7s -fembed-bitcode -mios-version-min=10.0 -isysroot /Applications/Xcode.app/Contents/Developer/Platforms/iPhoneOS.platform/Developer/SDKs/iPhoneOS13.4.sdk  -Wno-unused-function  -D_FORTIFY_SOURCE=2 conftest.c >&5
configure:14596: $? = 0
configure:14604: result: yes
configure:14612: checking whether C compiler accepts -Wno-long-long
configure:14631: /Applications/Xcode.app/Contents/Developer/Toolchains/XcodeDefault.xctoolchain/usr/bin/clang -c -O3 -arch arm64 -arch arm64e -arch armv7 -arch armv7s -fembed-bitcode -mios-version-min=10.0 -isysroot /Applications/Xcode.app/Contents/Developer/Platforms/iPhoneOS.platform/Developer/SDKs/iPhoneOS13.4.sdk  -Wno-long-long  -D_FORTIFY_SOURCE=2 conftest.c >&5
configure:14631: $? = 0
configure:14639: result: yes
configure:14647: checking whether C compiler accepts -Wno-overlength-strings
configure:14666: /Applications/Xcode.app/Contents/Developer/Toolchains/XcodeDefault.xctoolchain/usr/bin/clang -c -O3 -arch arm64 -arch arm64e -arch armv7 -arch armv7s -fembed-bitcode -mios-version-min=10.0 -isysroot /Applications/Xcode.app/Contents/Developer/Platforms/iPhoneOS.platform/Developer/SDKs/iPhoneOS13.4.sdk  -Wno-overlength-strings  -D_FORTIFY_SOURCE=2 conftest.c >&5
configure:14666: $? = 0
configure:14674: result: yes
configure:14682: checking whether C compiler accepts -Wno-variadic-macros
configure:14701: /Applications/Xcode.app/Contents/Developer/Toolchains/XcodeDefault.xctoolchain/usr/bin/clang -c -O3 -arch arm64 -arch arm64e -arch armv7 -arch armv7s -fembed-bitcode -mios-version-min=10.0 -isysroot /Applications/Xcode.app/Contents/Developer/Platforms/iPhoneOS.platform/Developer/SDKs/iPhoneOS13.4.sdk  -Wno-variadic-macros  -D_FORTIFY_SOURCE=2 conftest.c >&5
configure:14701: $? = 0
configure:14709: result: yes
configure:14903: checking whether C compiler accepts -Wno-shadow
configure:14922: /Applications/Xcode.app/Contents/Developer/Toolchains/XcodeDefault.xctoolchain/usr/bin/clang -c -O3 -arch arm64 -arch arm64e -arch armv7 -arch armv7s -fembed-bitcode -mios-version-min=10.0 -isysroot /Applications/Xcode.app/Contents/Developer/Platforms/iPhoneOS.platform/Developer/SDKs/iPhoneOS13.4.sdk  -Wno-shadow  -D_FORTIFY_SOURCE=2 conftest.c >&5
configure:14922: $? = 0
configure:14930: result: yes
configure:14938: checking whether C compiler accepts -Wno-self-assign
configure:14957: /Applications/Xcode.app/Contents/Developer/Toolchains/XcodeDefault.xctoolchain/usr/bin/clang -c -O3 -arch arm64 -arch arm64e -arch armv7 -arch armv7s -fembed-bitcode -mios-version-min=10.0 -isysroot /Applications/Xcode.app/Contents/Developer/Platforms/iPhoneOS.platform/Developer/SDKs/iPhoneOS13.4.sdk  -Wno-self-assign  -D_FORTIFY_SOURCE=2 conftest.c >&5
configure:14957: $? = 0
configure:14965: result: yes
configure:14973: checking whether C compiler accepts -Wno-missing-field-initializers
configure:14992: /Applications/Xcode.app/Contents/Developer/Toolchains/XcodeDefault.xctoolchain/usr/bin/clang -c -O3 -arch arm64 -arch arm64e -arch armv7 -arch armv7s -fembed-bitcode -mios-version-min=10.0 -isysroot /Applications/Xcode.app/Contents/Developer/Platforms/iPhoneOS.platform/Developer/SDKs/iPhoneOS13.4.sdk  -Wno-missing-field-initializers  -D_FORTIFY_SOURCE=2 conftest.c >&5
configure:14992: $? = 0
configure:15000: result: yes
configure:15027: checking whether C compiler accepts -fvisibility=hidden
configure:15046: /Applications/Xcode.app/Contents/Developer/Toolchains/XcodeDefault.xctoolchain/usr/bin/clang -c -O3 -arch arm64 -arch arm64e -arch armv7 -arch armv7s -fembed-bitcode -mios-version-min=10.0 -isysroot /Applications/Xcode.app/Contents/Developer/Platforms/iPhoneOS.platform/Developer/SDKs/iPhoneOS13.4.sdk  -fvisibility=hidden  -D_FORTIFY_SOURCE=2 conftest.c >&5
configure:15046: $? = 0
configure:15054: result: yes
configure:15112: /Applications/Xcode.app/Contents/Developer/Toolchains/XcodeDefault.xctoolchain/usr/bin/clang -o conftest -O3 -arch arm64 -arch arm64e -arch armv7 -arch armv7s -fembed-bitcode -mios-version-min=10.0 -isysroot /Applications/Xcode.app/Contents/Developer/Platforms/iPhoneOS.platform/Developer/SDKs/iPhoneOS13.4.sdk  -D_FORTIFY_SOURCE=2  -O3 conftest.c  >&5
configure:15112: $? = 0
configure:15131: /Applications/Xcode.app/Contents/Developer/Toolchains/XcodeDefault.xctoolchain/usr/bin/clang -o conftest -O3 -arch arm64 -arch arm64e -arch armv7 -arch armv7s -fembed-bitcode -mios-version-min=10.0 -isysroot /Applications/Xcode.app/Contents/Developer/Platforms/iPhoneOS.platform/Developer/SDKs/iPhoneOS13.4.sdk  -D_FORTIFY_SOURCE=2  -O3 conftest.c  >&5
configure:15131: $? = 0
configure:15142: checking for memset_s
configure:15142: /Applications/Xcode.app/Contents/Developer/Toolchains/XcodeDefault.xctoolchain/usr/bin/clang -o conftest -O3 -arch arm64 -arch arm64e -arch armv7 -arch armv7s -fembed-bitcode -mios-version-min=10.0 -isysroot /Applications/Xcode.app/Contents/Developer/Platforms/iPhoneOS.platform/Developer/SDKs/iPhoneOS13.4.sdk  -D_FORTIFY_SOURCE=2  -O3 conftest.c  >&5
configure:15142: $? = 0
configure:15142: result: yes
configure:15142: checking for explicit_bzero
configure:15142: /Applications/Xcode.app/Contents/Developer/Toolchains/XcodeDefault.xctoolchain/usr/bin/clang -o conftest -O3 -arch arm64 -arch arm64e -arch armv7 -arch armv7s -fembed-bitcode -mios-version-min=10.0 -isysroot /Applications/Xcode.app/Contents/Developer/Platforms/iPhoneOS.platform/Developer/SDKs/iPhoneOS13.4.sdk  -D_FORTIFY_SOURCE=2  -O3 conftest.c  >&5
Undefined symbols for architecture arm64:
  "_explicit_bzero", referenced from:
      _main in conftest-30e931.o
ld: symbol(s) not found for architecture arm64
clang: error: linker command failed with exit code 1 (use -v to see invocation)
configure:15142: $? = 1
configure: failed program was:
| /* confdefs.h */
| #define PACKAGE_NAME "libwallycore"
| #define PACKAGE_TARNAME "libwallycore"
| #define PACKAGE_VERSION "0.7.7"
| #define PACKAGE_STRING "libwallycore 0.7.7"
| #define PACKAGE_BUGREPORT ""
| #define PACKAGE_URL ""
| #define PACKAGE "libwallycore"
| #define VERSION "0.7.7"
| #define HAVE_SYS_TYPES_H 1
| #define HAVE_SYS_STAT_H 1
| #define HAVE_STDLIB_H 1
| #define HAVE_STRING_H 1
| #define HAVE_MEMORY_H 1
| #define HAVE_STRINGS_H 1
| #define HAVE_INTTYPES_H 1
| #define HAVE_STDINT_H 1
| #define HAVE_UNISTD_H 1
| #define HAVE_DLFCN_H 1
| #define LT_OBJDIR ".libs/"
| #define HAVE_UNALIGNED_ACCESS 0
| #define HAVE_MMAP 1
| #define HAVE_POSIX_MEMALIGN 1
| #define HAVE_MEMSET_S 1
| /* end confdefs.h.  */
| /* Define explicit_bzero to an innocuous variant, in case <limits.h> declares explicit_bzero.
|    For example, HP-UX 11i <limits.h> declares gettimeofday.  */
| #define explicit_bzero innocuous_explicit_bzero
| 
| /* System header to define __stub macros and hopefully few prototypes,
|     which can conflict with char explicit_bzero (); below.
|     Prefer <limits.h> to <assert.h> if __STDC__ is defined, since
|     <limits.h> exists even on freestanding compilers.  */
| 
| #ifdef __STDC__
| # include <limits.h>
| #else
| # include <assert.h>
| #endif
| 
| #undef explicit_bzero
| 
| /* Override any GCC internal prototype to avoid an error.
|    Use char because int might match the return type of a GCC
|    builtin and then its argument prototype would still apply.  */
| #ifdef __cplusplus
| extern "C"
| #endif
| char explicit_bzero ();
| /* The GNU C library defines this for functions which it implements
|     to always fail with ENOSYS.  Some functions are actually named
|     something starting with __ and the normal name is an alias.  */
| #if defined __stub_explicit_bzero || defined __stub___explicit_bzero
| choke me
| #endif
| 
| int
| main ()
| {
| return explicit_bzero ();
|   ;
|   return 0;
| }
configure:15142: result: no
configure:15142: checking for explicit_memset
configure:15142: /Applications/Xcode.app/Contents/Developer/Toolchains/XcodeDefault.xctoolchain/usr/bin/clang -o conftest -O3 -arch arm64 -arch arm64e -arch armv7 -arch armv7s -fembed-bitcode -mios-version-min=10.0 -isysroot /Applications/Xcode.app/Contents/Developer/Platforms/iPhoneOS.platform/Developer/SDKs/iPhoneOS13.4.sdk  -D_FORTIFY_SOURCE=2  -O3 conftest.c  >&5
Undefined symbols for architecture arm64:
  "_explicit_memset", referenced from:
      _main in conftest-0b2d41.o
ld: symbol(s) not found for architecture arm64
clang: error: linker command failed with exit code 1 (use -v to see invocation)
configure:15142: $? = 1
configure: failed program was:
| /* confdefs.h */
| #define PACKAGE_NAME "libwallycore"
| #define PACKAGE_TARNAME "libwallycore"
| #define PACKAGE_VERSION "0.7.7"
| #define PACKAGE_STRING "libwallycore 0.7.7"
| #define PACKAGE_BUGREPORT ""
| #define PACKAGE_URL ""
| #define PACKAGE "libwallycore"
| #define VERSION "0.7.7"
| #define HAVE_SYS_TYPES_H 1
| #define HAVE_SYS_STAT_H 1
| #define HAVE_STDLIB_H 1
| #define HAVE_STRING_H 1
| #define HAVE_MEMORY_H 1
| #define HAVE_STRINGS_H 1
| #define HAVE_INTTYPES_H 1
| #define HAVE_STDINT_H 1
| #define HAVE_UNISTD_H 1
| #define HAVE_DLFCN_H 1
| #define LT_OBJDIR ".libs/"
| #define HAVE_UNALIGNED_ACCESS 0
| #define HAVE_MMAP 1
| #define HAVE_POSIX_MEMALIGN 1
| #define HAVE_MEMSET_S 1
| /* end confdefs.h.  */
| /* Define explicit_memset to an innocuous variant, in case <limits.h> declares explicit_memset.
|    For example, HP-UX 11i <limits.h> declares gettimeofday.  */
| #define explicit_memset innocuous_explicit_memset
| 
| /* System header to define __stub macros and hopefully few prototypes,
|     which can conflict with char explicit_memset (); below.
|     Prefer <limits.h> to <assert.h> if __STDC__ is defined, since
|     <limits.h> exists even on freestanding compilers.  */
| 
| #ifdef __STDC__
| # include <limits.h>
| #else
| # include <assert.h>
| #endif
| 
| #undef explicit_memset
| 
| /* Override any GCC internal prototype to avoid an error.
|    Use char because int might match the return type of a GCC
|    builtin and then its argument prototype would still apply.  */
| #ifdef __cplusplus
| extern "C"
| #endif
| char explicit_memset ();
| /* The GNU C library defines this for functions which it implements
|     to always fail with ENOSYS.  Some functions are actually named
|     something starting with __ and the normal name is an alias.  */
| #if defined __stub_explicit_memset || defined __stub___explicit_memset
| choke me
| #endif
| 
| int
| main ()
| {
| return explicit_memset ();
|   ;
|   return 0;
| }
configure:15142: result: no
configure:15152: checking whether we can use inline asm code
configure:15170: /Applications/Xcode.app/Contents/Developer/Toolchains/XcodeDefault.xctoolchain/usr/bin/clang -o conftest -O3 -arch arm64 -arch arm64e -arch armv7 -arch armv7s -fembed-bitcode -mios-version-min=10.0 -isysroot /Applications/Xcode.app/Contents/Developer/Platforms/iPhoneOS.platform/Developer/SDKs/iPhoneOS13.4.sdk  -D_FORTIFY_SOURCE=2  -O3 conftest.c  >&5
configure:15170: $? = 0
configure:15171: result: yes
configure:15187: checking byteswap.h, usability
configure:15187: /Applications/Xcode.app/Contents/Developer/Toolchains/XcodeDefault.xctoolchain/usr/bin/clang -c -O3 -arch arm64 -arch arm64e -arch armv7 -arch armv7s -fembed-bitcode -mios-version-min=10.0 -isysroot /Applications/Xcode.app/Contents/Developer/Platforms/iPhoneOS.platform/Developer/SDKs/iPhoneOS13.4.sdk  -D_FORTIFY_SOURCE=2 conftest.c >&5
conftest.c:60:10: fatal error: 'byteswap.h,' file not found
#include <byteswap.h,>
         ^~~~~~~~~~~~~
1 error generated.
configure:15187: $? = 1
configure: failed program was:
| /* confdefs.h */
| #define PACKAGE_NAME "libwallycore"
| #define PACKAGE_TARNAME "libwallycore"
| #define PACKAGE_VERSION "0.7.7"
| #define PACKAGE_STRING "libwallycore 0.7.7"
| #define PACKAGE_BUGREPORT ""
| #define PACKAGE_URL ""
| #define PACKAGE "libwallycore"
| #define VERSION "0.7.7"
| #define HAVE_SYS_TYPES_H 1
| #define HAVE_SYS_STAT_H 1
| #define HAVE_STDLIB_H 1
| #define HAVE_STRING_H 1
| #define HAVE_MEMORY_H 1
| #define HAVE_STRINGS_H 1
| #define HAVE_INTTYPES_H 1
| #define HAVE_STDINT_H 1
| #define HAVE_UNISTD_H 1
| #define HAVE_DLFCN_H 1
| #define LT_OBJDIR ".libs/"
| #define HAVE_UNALIGNED_ACCESS 0
| #define HAVE_MMAP 1
| #define HAVE_POSIX_MEMALIGN 1
| #define HAVE_MEMSET_S 1
| #define HAVE_INLINE_ASM 1
| /* end confdefs.h.  */
| #include <stdio.h>
| #ifdef HAVE_SYS_TYPES_H
| # include <sys/types.h>
| #endif
| #ifdef HAVE_SYS_STAT_H
| # include <sys/stat.h>
| #endif
| #ifdef STDC_HEADERS
| # include <stdlib.h>
| # include <stddef.h>
| #else
| # ifdef HAVE_STDLIB_H
| #  include <stdlib.h>
| # endif
| #endif
| #ifdef HAVE_STRING_H
| # if !defined STDC_HEADERS && defined HAVE_MEMORY_H
| #  include <memory.h>
| # endif
| # include <string.h>
| #endif
| #ifdef HAVE_STRINGS_H
| # include <strings.h>
| #endif
| #ifdef HAVE_INTTYPES_H
| # include <inttypes.h>
| #endif
| #ifdef HAVE_STDINT_H
| # include <stdint.h>
| #endif
| #ifdef HAVE_UNISTD_H
| # include <unistd.h>
| #endif
| #include <byteswap.h,>
configure:15187: result: no
configure:15187: checking byteswap.h, presence
configure:15187: /Applications/Xcode.app/Contents/Developer/Toolchains/XcodeDefault.xctoolchain/usr/bin/clang -E  -D_FORTIFY_SOURCE=2 conftest.c
conftest.c:27:10: fatal error: 'byteswap.h,' file not found
#include <byteswap.h,>
         ^~~~~~~~~~~~~
1 error generated.
configure:15187: $? = 1
configure: failed program was:
| /* confdefs.h */
| #define PACKAGE_NAME "libwallycore"
| #define PACKAGE_TARNAME "libwallycore"
| #define PACKAGE_VERSION "0.7.7"
| #define PACKAGE_STRING "libwallycore 0.7.7"
| #define PACKAGE_BUGREPORT ""
| #define PACKAGE_URL ""
| #define PACKAGE "libwallycore"
| #define VERSION "0.7.7"
| #define HAVE_SYS_TYPES_H 1
| #define HAVE_SYS_STAT_H 1
| #define HAVE_STDLIB_H 1
| #define HAVE_STRING_H 1
| #define HAVE_MEMORY_H 1
| #define HAVE_STRINGS_H 1
| #define HAVE_INTTYPES_H 1
| #define HAVE_STDINT_H 1
| #define HAVE_UNISTD_H 1
| #define HAVE_DLFCN_H 1
| #define LT_OBJDIR ".libs/"
| #define HAVE_UNALIGNED_ACCESS 0
| #define HAVE_MMAP 1
| #define HAVE_POSIX_MEMALIGN 1
| #define HAVE_MEMSET_S 1
| #define HAVE_INLINE_ASM 1
| /* end confdefs.h.  */
| #include <byteswap.h,>
configure:15187: result: no
configure:15187: checking for byteswap.h,
configure:15187: result: no
configure:15187: checking sys/mman.h usability
configure:15187: /Applications/Xcode.app/Contents/Developer/Toolchains/XcodeDefault.xctoolchain/usr/bin/clang -c -O3 -arch arm64 -arch arm64e -arch armv7 -arch armv7s -fembed-bitcode -mios-version-min=10.0 -isysroot /Applications/Xcode.app/Contents/Developer/Platforms/iPhoneOS.platform/Developer/SDKs/iPhoneOS13.4.sdk  -D_FORTIFY_SOURCE=2 conftest.c >&5
configure:15187: $? = 0
configure:15187: result: yes
configure:15187: checking sys/mman.h presence
configure:15187: /Applications/Xcode.app/Contents/Developer/Toolchains/XcodeDefault.xctoolchain/usr/bin/clang -E  -D_FORTIFY_SOURCE=2 conftest.c
conftest.c:27:10: fatal error: 'sys/mman.h' file not found
#include <sys/mman.h>
         ^~~~~~~~~~~~
1 error generated.
configure:15187: $? = 1
configure: failed program was:
| /* confdefs.h */
| #define PACKAGE_NAME "libwallycore"
| #define PACKAGE_TARNAME "libwallycore"
| #define PACKAGE_VERSION "0.7.7"
| #define PACKAGE_STRING "libwallycore 0.7.7"
| #define PACKAGE_BUGREPORT ""
| #define PACKAGE_URL ""
| #define PACKAGE "libwallycore"
| #define VERSION "0.7.7"
| #define HAVE_SYS_TYPES_H 1
| #define HAVE_SYS_STAT_H 1
| #define HAVE_STDLIB_H 1
| #define HAVE_STRING_H 1
| #define HAVE_MEMORY_H 1
| #define HAVE_STRINGS_H 1
| #define HAVE_INTTYPES_H 1
| #define HAVE_STDINT_H 1
| #define HAVE_UNISTD_H 1
| #define HAVE_DLFCN_H 1
| #define LT_OBJDIR ".libs/"
| #define HAVE_UNALIGNED_ACCESS 0
| #define HAVE_MMAP 1
| #define HAVE_POSIX_MEMALIGN 1
| #define HAVE_MEMSET_S 1
| #define HAVE_INLINE_ASM 1
| /* end confdefs.h.  */
| #include <sys/mman.h>
configure:15187: result: no
configure:15187: WARNING: sys/mman.h: accepted by the compiler, rejected by the preprocessor!
configure:15187: WARNING: sys/mman.h: proceeding with the compiler's result
configure:15187: checking for sys/mman.h
configure:15187: result: yes
configure:15381: checking whether /Applications/Xcode.app/Contents/Developer/Toolchains/XcodeDefault.xctoolchain/usr/bin/clang is Clang
configure:15406: result: yes
configure:15453: checking whether Clang needs flag to prevent "argument unused" warning when linking with -pthread
configure:15478: /Applications/Xcode.app/Contents/Developer/Toolchains/XcodeDefault.xctoolchain/usr/bin/clang -o conftest -Werror -Wunknown-warning-option  -pthread -O3 -arch arm64 -arch arm64e -arch armv7 -arch armv7s -fembed-bitcode -mios-version-min=10.0 -isysroot /Applications/Xcode.app/Contents/Developer/Platforms/iPhoneOS.platform/Developer/SDKs/iPhoneOS13.4.sdk  -D_FORTIFY_SOURCE=2  -O3 conftest.c  >&5
configure:15478: $? = 0
configure:15484: (/Applications/Xcode.app/Contents/Developer/Toolchains/XcodeDefault.xctoolchain/usr/bin/clang -c -Werror -Wunknown-warning-option  -pthread -O3 -arch arm64 -arch arm64e -arch armv7 -arch armv7s -fembed-bitcode -mios-version-min=10.0 -isysroot /Applications/Xcode.app/Contents/Developer/Platforms/iPhoneOS.platform/Developer/SDKs/iPhoneOS13.4.sdk  -D_FORTIFY_SOURCE=2 conftest.c >&5) && (echo ==== >&5) && (/Applications/Xcode.app/Contents/Developer/Toolchains/XcodeDefault.xctoolchain/usr/bin/clang -o conftest -Werror -Wunknown-warning-option  -pthread -O3 -arch arm64 -arch arm64e -arch armv7 -arch armv7s -fembed-bitcode -mios-version-min=10.0 -isysroot /Applications/Xcode.app/Contents/Developer/Platforms/iPhoneOS.platform/Developer/SDKs/iPhoneOS13.4.sdk  -D_FORTIFY_SOURCE=2  -O3 conftest.o  >&5)
====
configure:15484: $? = 0
configure:15502: result: no
configure:15651: checking for joinable pthread attribute
configure:15669: /Applications/Xcode.app/Contents/Developer/Toolchains/XcodeDefault.xctoolchain/usr/bin/clang -o conftest -O3 -arch arm64 -arch arm64e -arch armv7 -arch armv7s -fembed-bitcode -mios-version-min=10.0 -isysroot /Applications/Xcode.app/Contents/Developer/Platforms/iPhoneOS.platform/Developer/SDKs/iPhoneOS13.4.sdk -pthread  -D_FORTIFY_SOURCE=2  -O3 conftest.c   >&5
configure:15669: $? = 0
configure:15677: result: PTHREAD_CREATE_JOINABLE
configure:15691: checking whether more special flags are required for pthreads
configure:15704: result: no
configure:15712: checking for PTHREAD_PRIO_INHERIT
configure:15728: /Applications/Xcode.app/Contents/Developer/Toolchains/XcodeDefault.xctoolchain/usr/bin/clang -o conftest -O3 -arch arm64 -arch arm64e -arch armv7 -arch armv7s -fembed-bitcode -mios-version-min=10.0 -isysroot /Applications/Xcode.app/Contents/Developer/Platforms/iPhoneOS.platform/Developer/SDKs/iPhoneOS13.4.sdk -pthread  -D_FORTIFY_SOURCE=2  -O3 conftest.c   >&5
configure:15728: $? = 0
configure:15737: result: yes
configure:15851: checking asm/page.h usability
configure:15851: /Applications/Xcode.app/Contents/Developer/Toolchains/XcodeDefault.xctoolchain/usr/bin/clang -c -O3 -arch arm64 -arch arm64e -arch armv7 -arch armv7s -fembed-bitcode -mios-version-min=10.0 -isysroot /Applications/Xcode.app/Contents/Developer/Platforms/iPhoneOS.platform/Developer/SDKs/iPhoneOS13.4.sdk  -D_FORTIFY_SOURCE=2 conftest.c >&5
conftest.c:63:10: fatal error: 'asm/page.h' file not found
#include <asm/page.h>
         ^~~~~~~~~~~~
1 error generated.
configure:15851: $? = 1
configure: failed program was:
| /* confdefs.h */
| #define PACKAGE_NAME "libwallycore"
| #define PACKAGE_TARNAME "libwallycore"
| #define PACKAGE_VERSION "0.7.7"
| #define PACKAGE_STRING "libwallycore 0.7.7"
| #define PACKAGE_BUGREPORT ""
| #define PACKAGE_URL ""
| #define PACKAGE "libwallycore"
| #define VERSION "0.7.7"
| #define HAVE_SYS_TYPES_H 1
| #define HAVE_SYS_STAT_H 1
| #define HAVE_STDLIB_H 1
| #define HAVE_STRING_H 1
| #define HAVE_MEMORY_H 1
| #define HAVE_STRINGS_H 1
| #define HAVE_INTTYPES_H 1
| #define HAVE_STDINT_H 1
| #define HAVE_UNISTD_H 1
| #define HAVE_DLFCN_H 1
| #define LT_OBJDIR ".libs/"
| #define HAVE_UNALIGNED_ACCESS 0
| #define HAVE_MMAP 1
| #define HAVE_POSIX_MEMALIGN 1
| #define HAVE_MEMSET_S 1
| #define HAVE_INLINE_ASM 1
| #define HAVE_SYS_MMAN_H 1
| #define HAVE_PTHREAD_PRIO_INHERIT 1
| #define HAVE_PTHREAD 1
| /* end confdefs.h.  */
| #include <stdio.h>
| #ifdef HAVE_SYS_TYPES_H
| # include <sys/types.h>
| #endif
| #ifdef HAVE_SYS_STAT_H
| # include <sys/stat.h>
| #endif
| #ifdef STDC_HEADERS
| # include <stdlib.h>
| # include <stddef.h>
| #else
| # ifdef HAVE_STDLIB_H
| #  include <stdlib.h>
| # endif
| #endif
| #ifdef HAVE_STRING_H
| # if !defined STDC_HEADERS && defined HAVE_MEMORY_H
| #  include <memory.h>
| # endif
| # include <string.h>
| #endif
| #ifdef HAVE_STRINGS_H
| # include <strings.h>
| #endif
| #ifdef HAVE_INTTYPES_H
| # include <inttypes.h>
| #endif
| #ifdef HAVE_STDINT_H
| # include <stdint.h>
| #endif
| #ifdef HAVE_UNISTD_H
| # include <unistd.h>
| #endif
| #include <asm/page.h>
configure:15851: result: no
configure:15851: checking asm/page.h presence
configure:15851: /Applications/Xcode.app/Contents/Developer/Toolchains/XcodeDefault.xctoolchain/usr/bin/clang -E  -D_FORTIFY_SOURCE=2 conftest.c
conftest.c:30:10: fatal error: 'asm/page.h' file not found
#include <asm/page.h>
         ^~~~~~~~~~~~
1 error generated.
configure:15851: $? = 1
configure: failed program was:
| /* confdefs.h */
| #define PACKAGE_NAME "libwallycore"
| #define PACKAGE_TARNAME "libwallycore"
| #define PACKAGE_VERSION "0.7.7"
| #define PACKAGE_STRING "libwallycore 0.7.7"
| #define PACKAGE_BUGREPORT ""
| #define PACKAGE_URL ""
| #define PACKAGE "libwallycore"
| #define VERSION "0.7.7"
| #define HAVE_SYS_TYPES_H 1
| #define HAVE_SYS_STAT_H 1
| #define HAVE_STDLIB_H 1
| #define HAVE_STRING_H 1
| #define HAVE_MEMORY_H 1
| #define HAVE_STRINGS_H 1
| #define HAVE_INTTYPES_H 1
| #define HAVE_STDINT_H 1
| #define HAVE_UNISTD_H 1
| #define HAVE_DLFCN_H 1
| #define LT_OBJDIR ".libs/"
| #define HAVE_UNALIGNED_ACCESS 0
| #define HAVE_MMAP 1
| #define HAVE_POSIX_MEMALIGN 1
| #define HAVE_MEMSET_S 1
| #define HAVE_INLINE_ASM 1
| #define HAVE_SYS_MMAN_H 1
| #define HAVE_PTHREAD_PRIO_INHERIT 1
| #define HAVE_PTHREAD 1
| /* end confdefs.h.  */
| #include <asm/page.h>
configure:15851: result: no
configure:15851: checking for asm/page.h
configure:15851: result: no
configure:15898: checking for python
configure:15916: found /usr/bin/python
configure:15928: result: /usr/bin/python
configure:15944: checking for a version of Python >= '2.1.0'
configure:15970: result: yes
configure:15978: checking for a version of Python >= '2.7.0'
configure:15984: result: yes
configure:16001: checking for the distutils Python package
configure:16005: result: yes
configure:16019: checking for Python include path
configure:16035: result: -I/System/Library/Frameworks/Python.framework/Versions/2.7/include/python2.7
configure:16041: checking for Python library path
configure:16118: result: -L/System/Library/Frameworks/Python.framework/Versions/2.7/lib -lpython2.7
configure:16124: checking for Python site-packages path
configure:16130: result: /Library/Python/2.7/site-packages
configure:16136: checking python extra libraries
configure:16143: result: -ldl  -framework CoreFoundation 
configure:16149: checking python extra linking flags
configure:16160: result: -u _PyMac_Error /System/Library/Frameworks/Python.framework/Versions/2.7/Python
configure:16166: checking consistency of all components of python development environment
configure:16194: /Applications/Xcode.app/Contents/Developer/Toolchains/XcodeDefault.xctoolchain/usr/bin/clang -o conftest -O3 -arch arm64 -arch arm64e -arch armv7 -arch armv7s -fembed-bitcode -mios-version-min=10.0 -isysroot /Applications/Xcode.app/Contents/Developer/Platforms/iPhoneOS.platform/Developer/SDKs/iPhoneOS13.4.sdk  -D_FORTIFY_SOURCE=2 -I/System/Library/Frameworks/Python.framework/Versions/2.7/include/python2.7  -O3 -ldl  -framework CoreFoundation  conftest.c  -L/System/Library/Frameworks/Python.framework/Versions/2.7/lib -lpython2.7 -u _PyMac_Error /System/Library/Frameworks/Python.framework/Versions/2.7/Python -u _PyMac_Error /System/Library/Frameworks/Python.framework/Versions/2.7/Python >&5
ld: -u and -bitcode_bundle (Xcode setting ENABLE_BITCODE=YES) cannot be used together
clang: error: linker command failed with exit code 1 (use -v to see invocation)
configure:16194: $? = 1
configure: failed program was:
| /* confdefs.h */
| #define PACKAGE_NAME "libwallycore"
| #define PACKAGE_TARNAME "libwallycore"
| #define PACKAGE_VERSION "0.7.7"
| #define PACKAGE_STRING "libwallycore 0.7.7"
| #define PACKAGE_BUGREPORT ""
| #define PACKAGE_URL ""
| #define PACKAGE "libwallycore"
| #define VERSION "0.7.7"
| #define HAVE_SYS_TYPES_H 1
| #define HAVE_SYS_STAT_H 1
| #define HAVE_STDLIB_H 1
| #define HAVE_STRING_H 1
| #define HAVE_MEMORY_H 1
| #define HAVE_STRINGS_H 1
| #define HAVE_INTTYPES_H 1
| #define HAVE_STDINT_H 1
| #define HAVE_UNISTD_H 1
| #define HAVE_DLFCN_H 1
| #define LT_OBJDIR ".libs/"
| #define HAVE_UNALIGNED_ACCESS 0
| #define HAVE_MMAP 1
| #define HAVE_POSIX_MEMALIGN 1
| #define HAVE_MEMSET_S 1
| #define HAVE_INLINE_ASM 1
| #define HAVE_SYS_MMAN_H 1
| #define HAVE_PTHREAD_PRIO_INHERIT 1
| #define HAVE_PTHREAD 1
| #define HAVE_PYTHON "2.7"
| /* end confdefs.h.  */
| 
| 		#include <Python.h>
| int
| main ()
| {
| Py_Initialize();
|   ;
|   return 0;
| }
| 
configure:16212: result: no
configure:16226: result:
  Could not link test program to Python. Maybe the main Python library has been
  installed in some non-standard library path. If so, pass it to configure,
  via the LIBS environment variable.
  Example: ./configure LIBS="-L/usr/non-standard-path/python/lib"
  ============================================================================
   ERROR!
   You probably have to install the development version of the Python package
   for your distribution.  The exact name of this package varies among them.
  ============================================================================
	   
configure:16277: checking for swig
configure:16310: result: no
configure:16316: WARNING: cannot find 'swig' program. You should look at http://www.swig.org
configure:16794: checking for java
configure:16810: found /usr/bin/java
configure:16821: result: java
configure:16836: checking for javac
configure:16852: found /usr/bin/javac
configure:16863: result: javac
configure:16878: checking for jar
configure:16894: found /usr/bin/jar
configure:16905: result: jar
configure:17108: checking that generated files are newer than configure
configure:17114: result: done
configure:17194: creating ./config.status

## ---------------------- ##
## Running config.status. ##
## ---------------------- ##

This file was extended by libwallycore config.status 0.7.7, which was
generated by GNU Autoconf 2.69.  Invocation command line was

  CONFIG_FILES    = 
  CONFIG_HEADERS  = 
  CONFIG_LINKS    = 
  CONFIG_COMMANDS = 
  $ ./config.status 

on DIRECT-8A-HP-OfficeJet-4650.local

config.status:1163: creating Makefile
config.status:1163: creating src/Makefile
config.status:1163: creating src/wallycore.pc
config.status:1163: creating src/config.h
config.status:1392: executing depfiles commands
config.status:1469: cd src       && sed -e '/# am--include-marker/d' Makefile         | make -f - am--depfiles
make: Nothing to be done for `am--depfiles'.
config.status:1474: $? = 0
config.status:1392: executing libtool commands
configure:19406: === configuring in src/secp256k1 (/Users/peter/Desktop/Projects/FN2/FullyNoded-2/XCode/Carthage/Checkouts/libwally-swift/CLibWally/libwally-core/src/secp256k1)
configure:19469: running /bin/sh ./configure --disable-option-checking '--prefix=/usr/local'  '--disable-shared' '--host=aarch64-apple-darwin14' '--enable-static' 'host_alias=aarch64-apple-darwin14' 'CC=/Applications/Xcode.app/Contents/Developer/Toolchains/XcodeDefault.xctoolchain/usr/bin/clang' 'CFLAGS=-O3 -arch arm64 -arch arm64e -arch armv7 -arch armv7s -fembed-bitcode -mios-version-min=10.0 -isysroot /Applications/Xcode.app/Contents/Developer/Platforms/iPhoneOS.platform/Developer/SDKs/iPhoneOS13.4.sdk' '--disable-shared' '--disable-jni' '--with-pic' '--with-bignum=no' '--enable-experimental' '--enable-module-ecdh' '--enable-module-recovery' '--enable-module-rangeproof' '--enable-module-surjectionproof' '--enable-module-whitelist' '--enable-module-generator' '--enable-openssl-tests=no' '--enable-tests=no' '--enable-exhaustive-tests=no' '--enable-benchmark=no' '--disable-dependency-tracking' --cache-file=/dev/null --srcdir=.

## ---------------- ##
## Cache variables. ##
## ---------------- ##

ac_cv_build=x86_64-apple-darwin19.4.0
ac_cv_c_bigendian=no
ac_cv_c_compiler_gnu=yes
ac_cv_c_inline=inline
ac_cv_c_uint16_t=yes
ac_cv_c_uint32_t=yes
ac_cv_c_uint64_t=yes
ac_cv_c_uint8_t=yes
ac_cv_defined__FORTIFY_SOURCE=no
ac_cv_env_CC_set=set
ac_cv_env_CC_value=/Applications/Xcode.app/Contents/Developer/Toolchains/XcodeDefault.xctoolchain/usr/bin/clang
ac_cv_env_CFLAGS_set=set
ac_cv_env_CFLAGS_value='-O3 -arch arm64 -arch arm64e -arch armv7 -arch armv7s -fembed-bitcode -mios-version-min=10.0 -isysroot /Applications/Xcode.app/Contents/Developer/Platforms/iPhoneOS.platform/Developer/SDKs/iPhoneOS13.4.sdk'
ac_cv_env_CPPFLAGS_set=
ac_cv_env_CPPFLAGS_value=
ac_cv_env_CPP_set=
ac_cv_env_CPP_value=
ac_cv_env_LDFLAGS_set=
ac_cv_env_LDFLAGS_value=
ac_cv_env_LIBS_set=
ac_cv_env_LIBS_value=
ac_cv_env_LT_SYS_LIBRARY_PATH_set=
ac_cv_env_LT_SYS_LIBRARY_PATH_value=
ac_cv_env_PYTHON_VERSION_set=
ac_cv_env_PYTHON_VERSION_value=
ac_cv_env_build_alias_set=
ac_cv_env_build_alias_value=
ac_cv_env_host_alias_set=set
ac_cv_env_host_alias_value=aarch64-apple-darwin14
ac_cv_env_target_alias_set=
ac_cv_env_target_alias_value=
ac_cv_func_explicit_bzero=no
ac_cv_func_explicit_memset=no
ac_cv_func_memset_s=yes
ac_cv_header_asm_page_h=no
ac_cv_header_byteswap_h_=no
ac_cv_header_dlfcn_h=yes
ac_cv_header_inttypes_h=yes
ac_cv_header_memory_h=yes
ac_cv_header_stdc=no
ac_cv_header_stdint_h=yes
ac_cv_header_stdlib_h=yes
ac_cv_header_string_h=yes
ac_cv_header_strings_h=yes
ac_cv_header_sys_mman_h=yes
ac_cv_header_sys_stat_h=yes
ac_cv_header_sys_types_h=yes
ac_cv_header_unistd_h=yes
ac_cv_host=aarch64-apple-darwin14
ac_cv_objext=o
ac_cv_path_EGREP='/usr/bin/grep -E'
ac_cv_path_FGREP='/usr/bin/grep -F'
ac_cv_path_GREP=/usr/bin/grep
ac_cv_path_PYTHON=/usr/bin/python
ac_cv_path_SED=/usr/bin/sed
ac_cv_path_ac_pt_RANLIB=/usr/bin/ranlib
ac_cv_path_install='/usr/bin/install -c'
ac_cv_path_lt_DD=/bin/dd
ac_cv_prog_AWK=awk
ac_cv_prog_CC=/Applications/Xcode.app/Contents/Developer/Toolchains/XcodeDefault.xctoolchain/usr/bin/clang
ac_cv_prog_CPP='/Applications/Xcode.app/Contents/Developer/Toolchains/XcodeDefault.xctoolchain/usr/bin/clang -E'
ac_cv_prog_HAVE_GSED=yes
ac_cv_prog_JAR=jar
ac_cv_prog_JAVA=java
ac_cv_prog_JAVAC=javac
ac_cv_prog_STRIP=strip
ac_cv_prog_ac_ct_AR=ar
ac_cv_prog_ac_ct_DSYMUTIL=dsymutil
ac_cv_prog_ac_ct_DUMPBIN='link -dump'
ac_cv_prog_ac_ct_LIPO=lipo
ac_cv_prog_ac_ct_NMEDIT=nmedit
ac_cv_prog_ac_ct_OBJDUMP=objdump
ac_cv_prog_ac_ct_OTOOL=otool
ac_cv_prog_ac_ct_RANLIB=ranlib
ac_cv_prog_ac_ct_STRIP=strip
ac_cv_prog_cc_c89=
ac_cv_prog_cc_g=yes
ac_cv_prog_make_make_set=yes
ac_cv_type_size_t=yes
am_cv_CC_dependencies_compiler_type=gcc3
am_cv_make_support_nested_variables=yes
am_cv_prog_cc_c_o=yes
ax_cv_PTHREAD_CLANG=yes
ax_cv_PTHREAD_CLANG_NO_WARN_FLAG=no
ax_cv_PTHREAD_JOINABLE_ATTR=PTHREAD_CREATE_JOINABLE
ax_cv_PTHREAD_PRIO_INHERIT=yes
ax_cv_PTHREAD_SPECIAL_FLAGS=no
ax_cv_check_cflags___DNDEBUG_1=yes
ax_cv_check_cflags___D_FORTIFY_SOURCE_2=yes
ax_cv_check_cflags___O3=yes
ax_cv_check_cflags___Wall=yes
ax_cv_check_cflags___Wcast_align=yes
ax_cv_check_cflags___Wextra=yes
ax_cv_check_cflags___Wformat=yes
ax_cv_check_cflags___Wformat_nonliteral=yes
ax_cv_check_cflags___Wformat_security=yes
ax_cv_check_cflags___Wnested_externs=yes
ax_cv_check_cflags___Wno_long_long=yes
ax_cv_check_cflags___Wno_missing_field_initializers=yes
ax_cv_check_cflags___Wno_overlength_strings=yes
ax_cv_check_cflags___Wno_self_assign=yes
ax_cv_check_cflags___Wno_shadow=yes
ax_cv_check_cflags___Wno_unused_function=yes
ax_cv_check_cflags___Wno_variadic_macros=yes
ax_cv_check_cflags___Wpedantic=yes
ax_cv_check_cflags___Wshadow=yes
ax_cv_check_cflags___Wstrict_prototypes=yes
ax_cv_check_cflags___flax_vector_conversions=yes
ax_cv_check_cflags___fno_strict_aliasing=yes
ax_cv_check_cflags___fstack_protector_strong=yes
ax_cv_check_cflags___fvisibility_hidden=yes
ax_cv_check_ldflags___O3=yes
ax_cv_check_ldflags___Wl__z_relro=no
lt_cv_apple_cc_single_mod=yes
lt_cv_ar_at_file=no
lt_cv_deplibs_check_method=pass_all
lt_cv_file_magic_cmd='$MAGIC_CMD'
lt_cv_file_magic_test_file=
lt_cv_ld_exported_symbols_list=yes
lt_cv_ld_force_load=yes
lt_cv_ld_reload_flag=-r
lt_cv_nm_interface='BSD nm'
lt_cv_objdir=.libs
lt_cv_path_LD=/Applications/Xcode.app/Contents/Developer/Toolchains/XcodeDefault.xctoolchain/usr/bin/ld
lt_cv_path_NM=no
lt_cv_path_mainfest_tool=no
lt_cv_prog_compiler_c_o=yes
lt_cv_prog_compiler_pic='-fno-common -DPIC'
lt_cv_prog_compiler_pic_works=yes
lt_cv_prog_compiler_rtti_exceptions=yes
lt_cv_prog_compiler_static_works=no
lt_cv_prog_gnu_ld=no
lt_cv_sharedlib_from_linklib_cmd='printf %s\n'
lt_cv_sys_global_symbol_pipe='sed -n -e '\''s/^.*[	 ]\([BCDEGRST][BCDEGRST]*\)[	 ][	 ]*_\([_A-Za-z][_A-Za-z0-9]*\)$/\1 _\2 \2/p'\'' | sed '\''/ __gnu_lto/d'\'''
lt_cv_sys_global_symbol_to_c_name_address='sed -n -e '\''s/^: \(.*\) .*$/  {"\1", (void *) 0},/p'\'' -e '\''s/^[BCDEGRST][BCDEGRST]* .* \(.*\)$/  {"\1", (void *) \&\1},/p'\'''
lt_cv_sys_global_symbol_to_c_name_address_lib_prefix='sed -n -e '\''s/^: \(.*\) .*$/  {"\1", (void *) 0},/p'\'' -e '\''s/^[BCDEGRST][BCDEGRST]* .* \(lib.*\)$/  {"\1", (void *) \&\1},/p'\'' -e '\''s/^[BCDEGRST][BCDEGRST]* .* \(.*\)$/  {"lib\1", (void *) \&\1},/p'\'''
lt_cv_sys_global_symbol_to_cdecl='sed -n -e '\''s/^T .* \(.*\)$/extern int \1();/p'\'' -e '\''s/^[BCDEGRST][BCDEGRST]* .* \(.*\)$/extern char \1;/p'\'''
lt_cv_sys_global_symbol_to_import=
lt_cv_sys_max_cmd_len=196608
lt_cv_to_host_file_cmd=func_convert_file_noop
lt_cv_to_tool_file_cmd=func_convert_file_noop
lt_cv_truncate_bin='/bin/dd bs=4096 count=1'

## ----------------- ##
## Output variables. ##
## ----------------- ##

ACLOCAL='${SHELL} /Users/peter/Desktop/Projects/FN2/FullyNoded-2/XCode/Carthage/Checkouts/libwally-swift/CLibWally/libwally-core/tools/build-aux/missing aclocal-1.16'
AMDEPBACKSLASH='\'
AMDEP_FALSE='#'
AMDEP_TRUE=''
AMTAR='$${TAR-tar}'
AM_BACKSLASH='\'
AM_CFLAGS='-Wall -Wextra -Wpedantic -Wcast-align -Wnested-externs -Wshadow -Wstrict-prototypes -Wformat -Wformat-security -Wformat-nonliteral  -O3 -fstack-protector-strong -DNDEBUG=1 -flax-vector-conversions -Wno-unused-function -Wno-long-long -Wno-overlength-strings -Wno-variadic-macros -fvisibility=hidden'
AM_DEFAULT_V='$(AM_DEFAULT_VERBOSITY)'
AM_DEFAULT_VERBOSITY='0'
AM_V='$(V)'
AR='/Applications/Xcode.app/Contents/Developer/Toolchains/XcodeDefault.xctoolchain/usr/bin/libtool'
ARFLAGS='-static -o'
AR_FLAGS='-static -o'
AUTOCONF='${SHELL} /Users/peter/Desktop/Projects/FN2/FullyNoded-2/XCode/Carthage/Checkouts/libwally-swift/CLibWally/libwally-core/tools/build-aux/missing autoconf'
AUTOHEADER='${SHELL} /Users/peter/Desktop/Projects/FN2/FullyNoded-2/XCode/Carthage/Checkouts/libwally-swift/CLibWally/libwally-core/tools/build-aux/missing autoheader'
AUTOMAKE='${SHELL} /Users/peter/Desktop/Projects/FN2/FullyNoded-2/XCode/Carthage/Checkouts/libwally-swift/CLibWally/libwally-core/tools/build-aux/missing automake-1.16'
AWK='awk'
BUILD_ELEMENTS_FALSE=''
BUILD_ELEMENTS_TRUE='#'
CC='/Applications/Xcode.app/Contents/Developer/Toolchains/XcodeDefault.xctoolchain/usr/bin/clang'
CCDEPMODE='depmode=gcc3'
CFLAGS='-O3 -arch arm64 -arch arm64e -arch armv7 -arch armv7s -fembed-bitcode -mios-version-min=10.0 -isysroot /Applications/Xcode.app/Contents/Developer/Platforms/iPhoneOS.platform/Developer/SDKs/iPhoneOS13.4.sdk'
CPP='/Applications/Xcode.app/Contents/Developer/Toolchains/XcodeDefault.xctoolchain/usr/bin/clang -E'
CPPFLAGS=' -D_FORTIFY_SOURCE=2'
CTEST_EXTRA_STATIC='$(libwallycore_la_LIBADD)'
CYGPATH_W='echo'
DEFS='-DHAVE_CONFIG_H'
DEPDIR='.deps'
DLLTOOL='false'
DSYMUTIL='dsymutil'
DUMPBIN=':'
ECHO_C='\c'
ECHO_N=''
ECHO_T=''
EGREP='/usr/bin/grep -E'
EXEEXT=''
EXPORT_ALL_FALSE=''
EXPORT_ALL_TRUE='#'
FGREP='/usr/bin/grep -F'
GNU_SED='gsed'
GREP='/usr/bin/grep'
HAVE_GSED='yes'
HAVE_JAVAC_FALSE='#'
HAVE_JAVAC_TRUE=''
HAVE_JAVA_FALSE='#'
HAVE_JAVA_TRUE=''
HAVE_PYTHON_FALSE='#'
HAVE_PYTHON_TRUE=''
HAVE_YARN=''
INSTALL_DATA='${INSTALL} -m 644'
INSTALL_PROGRAM='${INSTALL}'
INSTALL_SCRIPT='${INSTALL}'
INSTALL_STRIP_PROGRAM='$(install_sh) -c -s'
IS_OSX_FALSE='#'
IS_OSX_TRUE=''
JAR='jar'
JAVA='java'
JAVAC='javac'
JAVAC_TARGET='1.7'
LD='/Applications/Xcode.app/Contents/Developer/Toolchains/XcodeDefault.xctoolchain/usr/bin/ld'
LDFLAGS=' -O3'
LDPATH_VAR='DYLD_LIBRARY_PATH'
LIBADD_SECP256K1='secp256k1/.libs/libsecp256k1.a'
LIBOBJS=''
LIBS=''
LIBTOOL='$(SHELL) $(top_builddir)/libtool'
LIPO='lipo'
LN_S='ln -s'
LTLIBOBJS=''
LT_SYS_LIBRARY_PATH=''
MAKEINFO='${SHELL} /Users/peter/Desktop/Projects/FN2/FullyNoded-2/XCode/Carthage/Checkouts/libwally-swift/CLibWally/libwally-core/tools/build-aux/missing makeinfo'
MANIFEST_TOOL=':'
MKDIR_P='tools/build-aux/install-sh -c -d'
NM='nm'
NMEDIT='nmedit'
NOALIAS_CFLAGS=' -O3 -fstack-protector-strong -DNDEBUG=1 -flax-vector-conversions -fno-strict-aliasing  -O3 -fstack-protector-strong -DNDEBUG=1 -flax-vector-conversions'
NODE_GYP_DIR='Release'
NODE_GYP_FLAGS=''
OBJDUMP='objdump'
OBJEXT='o'
OTOOL64=':'
OTOOL='otool'
PACKAGE='libwallycore'
PACKAGE_BUGREPORT=''
PACKAGE_NAME='libwallycore'
PACKAGE_STRING='libwallycore 0.7.7'
PACKAGE_TARNAME='libwallycore'
PACKAGE_URL=''
PACKAGE_VERSION='0.7.7'
PATH_SEPARATOR=':'
PTHREAD_CC='/Applications/Xcode.app/Contents/Developer/Toolchains/XcodeDefault.xctoolchain/usr/bin/clang'
PTHREAD_CFLAGS='-pthread'
PTHREAD_LIBS=''
PYTHON='/usr/bin/python'
PYTHON_CPPFLAGS=''
PYTHON_EXTRA_LDFLAGS=''
PYTHON_EXTRA_LIBS=''
PYTHON_LIBS=''
PYTHON_SITE_PKG=''
PYTHON_VERSION=''
RANLIB='/usr/bin/ranlib'
RUN_JAVA_TESTS_FALSE=''
RUN_JAVA_TESTS_TRUE='#'
RUN_PYTHON_TESTS_FALSE=''
RUN_PYTHON_TESTS_TRUE='#'
RUN_TESTS_FALSE='#'
RUN_TESTS_TRUE=''
SED='/usr/bin/sed'
SET_MAKE=''
SHARED_BUILD_ENABLED_FALSE=''
SHARED_BUILD_ENABLED_TRUE='#'
SHELL='/bin/sh'
STRIP='strip'
SWIG='echo "Error: SWIG is not installed. You should look at http://www.swig.org" ; false'
SWIG_JAVA_CPPFLAGS=''
SWIG_JAVA_OPT=''
SWIG_LIB=''
SWIG_PYTHON_CPPFLAGS=''
SWIG_PYTHON_OPT=''
SWIG_WARN_CFLAGS='-fno-strict-aliasing -Wno-shadow -Wno-self-assign -Wno-missing-field-initializers'
USE_JS_WRAPPERS_FALSE=''
USE_JS_WRAPPERS_TRUE='#'
USE_PTHREAD_FALSE='#'
USE_PTHREAD_TRUE=''
USE_SWIG_JAVA_FALSE=''
USE_SWIG_JAVA_TRUE='#'
USE_SWIG_PYTHON_FALSE=''
USE_SWIG_PYTHON_TRUE='#'
VERSION='0.7.7'
_ACJNI_JAVAC=''
ac_ct_AR='ar'
ac_ct_CC=''
ac_ct_DUMPBIN='link -dump'
am__EXEEXT_FALSE=''
am__EXEEXT_TRUE='#'
am__fastdepCC_FALSE='#'
am__fastdepCC_TRUE=''
am__include='include'
am__isrc=''
am__leading_dot='.'
am__nodep='_no'
am__quote=''
am__tar='$${TAR-tar} chof - "$$tardir"'
am__untar='$${TAR-tar} xf -'
ax_pthread_config=''
bindir='${exec_prefix}/bin'
build='x86_64-apple-darwin19.4.0'
build_alias=''
build_cpu='x86_64'
build_os='darwin19.4.0'
build_vendor='apple'
datadir='${datarootdir}'
datarootdir='${prefix}/share'
docdir='${datarootdir}/doc/${PACKAGE_TARNAME}'
dvidir='${docdir}'
exec_prefix='${prefix}'
host='aarch64-apple-darwin14'
host_alias='aarch64-apple-darwin14'
host_cpu='aarch64'
host_os='darwin14'
host_vendor='apple'
htmldir='${docdir}'
includedir='${prefix}/include'
infodir='${datarootdir}/info'
install_sh='${SHELL} /Users/peter/Desktop/Projects/FN2/FullyNoded-2/XCode/Carthage/Checkouts/libwally-swift/CLibWally/libwally-core/tools/build-aux/install-sh'
libdir='${exec_prefix}/lib'
libexecdir='${exec_prefix}/libexec'
localedir='${datarootdir}/locale'
localstatedir='${prefix}/var'
mandir='${datarootdir}/man'
mkdir_p='$(MKDIR_P)'
oldincludedir='/usr/include'
pdfdir='${docdir}'
prefix='/usr/local'
program_transform_name='s,x,x,'
psdir='${docdir}'
sbindir='${exec_prefix}/sbin'
sharedstatedir='${prefix}/com'
subdirs=' src/secp256k1'
sysconfdir='${prefix}/etc'
target_alias=''

## ----------- ##
## confdefs.h. ##
## ----------- ##

/* confdefs.h */
#define PACKAGE_NAME "libwallycore"
#define PACKAGE_TARNAME "libwallycore"
#define PACKAGE_VERSION "0.7.7"
#define PACKAGE_STRING "libwallycore 0.7.7"
#define PACKAGE_BUGREPORT ""
#define PACKAGE_URL ""
#define PACKAGE "libwallycore"
#define VERSION "0.7.7"
#define HAVE_SYS_TYPES_H 1
#define HAVE_SYS_STAT_H 1
#define HAVE_STDLIB_H 1
#define HAVE_STRING_H 1
#define HAVE_MEMORY_H 1
#define HAVE_STRINGS_H 1
#define HAVE_INTTYPES_H 1
#define HAVE_STDINT_H 1
#define HAVE_UNISTD_H 1
#define HAVE_DLFCN_H 1
#define LT_OBJDIR ".libs/"
#define HAVE_UNALIGNED_ACCESS 0
#define HAVE_MMAP 1
#define HAVE_POSIX_MEMALIGN 1
#define HAVE_MEMSET_S 1
#define HAVE_INLINE_ASM 1
#define HAVE_SYS_MMAN_H 1
#define HAVE_PTHREAD_PRIO_INHERIT 1
#define HAVE_PTHREAD 1
#define HAVE_PYTHON "2.7"

configure: exit 0
